0 verbose cli C:\Program Files\nodejs\node.exe C:\Program Files\nodejs\node_modules\npm\bin\npm-cli.js
1 info using npm@11.6.4
2 info using node@v20.19.5
3 silly config load:file:C:\Users\jouvence computer\AppData\Roaming\nvm\v20.19.5\node_modules\npm\npmrc
4 warn "hunsky" is being parsed as a normal command line argument.
5 warn Unknown cli config "--save--dev". This will stop working in the next major version of npm.
6 silly config load:file:D:\AUTOMATISATION_DES_TESTS\express-archi-test-qualite\.npmrc
7 silly config load:file:C:\Users\jouvence computer\.npmrc
8 silly config load:file:C:\Program Files\nodejs\etc\npmrc
9 verbose title npm install hunsky
10 verbose argv "install" "-save--dev" "hunsky"
11 verbose logfile logs-max:10 dir:D:\AUTOMATISATION_DES_TESTS\express-archi-test-qualite\npm-cache\_logs\2026-04-16T09_39_54_307Z-
12 verbose logfile D:\AUTOMATISATION_DES_TESTS\express-archi-test-qualite\npm-cache\_logs\2026-04-16T09_39_54_307Z-debug-0.log
13 silly logfile start cleaning logs, removing 1 files
14 silly packumentCache heap:4345298944 maxSize:1086324736 maxEntrySize:543162368
15 silly logfile done cleaning log files
16 silly idealTree buildDeps
17 silly fetch manifest hunsky@*
18 silly packumentCache full:https://registry.npmjs.org/hunsky cache-miss
19 http fetch GET 404 https://registry.npmjs.org/hunsky 1304ms (cache skip)
20 silly placeDep ROOT hunsky@ OK for: shopshop-api@1.0.0 want: *
21 verbose stack HttpErrorGeneral: 404 Not Found - GET https://registry.npmjs.org/hunsky - Not found
21 verbose stack     at C:\Users\jouvence computer\AppData\Roaming\nvm\v20.19.5\node_modules\npm\node_modules\npm-registry-fetch\lib\check-response.js:103:15
21 verbose stack     at process.processTicksAndRejections (node:internal/process/task_queues:95:5)
21 verbose stack     at async RegistryFetcher.packument (C:\Users\jouvence computer\AppData\Roaming\nvm\v20.19.5\node_modules\npm\node_modules\pacote\lib\registry.js:90:19)
21 verbose stack     at async RegistryFetcher.manifest (C:\Users\jouvence computer\AppData\Roaming\nvm\v20.19.5\node_modules\npm\node_modules\pacote\lib\registry.js:128:23)
21 verbose stack     at async #fetchManifest (C:\Users\jouvence computer\AppData\Roaming\nvm\v20.19.5\node_modules\npm\node_modules\@npmcli\arborist\lib\arborist\build-ideal-tree.js:1216:20)
21 verbose stack     at async #nodeFromEdge (C:\Users\jouvence computer\AppData\Roaming\nvm\v20.19.5\node_modules\npm\node_modules\@npmcli\arborist\lib\arborist\build-ideal-tree.js:1054:19)
21 verbose stack     at async #buildDepStep (C:\Users\jouvence computer\AppData\Roaming\nvm\v20.19.5\node_modules\npm\node_modules\@npmcli\arborist\lib\arborist\build-ideal-tree.js:918:11)
21 verbose stack     at async Arborist.buildIdealTree (C:\Users\jouvence computer\AppData\Roaming\nvm\v20.19.5\node_modules\npm\node_modules\@npmcli\arborist\lib\arborist\build-ideal-tree.js:170:7)
21 verbose stack     at async Promise.all (index 1)
21 verbose stack     at async Arborist.reify (C:\Users\jouvence computer\AppData\Roaming\nvm\v20.19.5\node_modules\npm\node_modules\@npmcli\arborist\lib\arborist\reify.js:110:5)
22 verbose statusCode 404
23 verbose pkgid hunsky@*
24 error code E404
25 error 404 Not Found - GET https://registry.npmjs.org/hunsky - Not found
26 error 404
27 error 404  The requested resource 'hunsky@*' could not be found or you do not have permission to access it.
28 error 404
29 error 404 Note that you can also install from a
30 error 404 tarball, folder, http url, or git url.
31 silly unfinished npm timer reify 1776332395337
32 silly unfinished npm timer reify:loadTrees 1776332395338
33 verbose cwd D:\AUTOMATISATION_DES_TESTS\express-archi-test-qualite
34 verbose os Windows_NT 10.0.26200
35 verbose node v20.19.5
36 verbose npm  v11.6.4
37 verbose exit 1
38 verbose code 1
39 error A complete log of this run can be found in: D:\AUTOMATISATION_DES_TESTS\express-archi-test-qualite\npm-cache\_logs\2026-04-16T09_39_54_307Z-debug-0.log
