0 verbose cli C:\Program Files\nodejs\node.exe D:\AUTOMATISATION_DES_TESTS\express-archi-test-qualite\node_modules\npm\bin\npm-cli.js
1 info using npm@11.4.2
2 info using node@v20.19.5
3 silly config load:file:D:\AUTOMATISATION_DES_TESTS\express-archi-test-qualite\node_modules\npm\npmrc
4 silly config load:file:D:\AUTOMATISATION_DES_TESTS\express-archi-test-qualite\.npmrc
5 silly config load:file:C:\Users\jouvence computer\.npmrc
6 silly config load:file:C:\Program Files\nodejs\etc\npmrc
7 verbose title npm exec ts-node ./src/index.ts src/index.ts
8 verbose argv "exec" "--" "ts-node" "./src/index.ts" "src/index.ts"
9 verbose logfile logs-max:10 dir:D:\AUTOMATISATION_DES_TESTS\express-archi-test-qualite\npm-cache\_logs\2026-04-16T12_56_48_217Z-
10 verbose logfile D:\AUTOMATISATION_DES_TESTS\express-archi-test-qualite\npm-cache\_logs\2026-04-16T12_56_48_217Z-debug-0.log
11 silly logfile start cleaning logs, removing 3 files
12 silly logfile error removing log file D:\AUTOMATISATION_DES_TESTS\express-archi-test-qualite\npm-cache\_logs\2026-04-16T08_44_23_928Z-debug-0.log [Error: EPERM: operation not permitted, lstat 'D:\AUTOMATISATION_DES_TESTS\express-archi-test-qualite\npm-cache\_logs\2026-04-16T08_44_23_928Z-debug-0.log'] {
12 silly logfile   errno: -4048,
12 silly logfile   code: 'EPERM',
12 silly logfile   syscall: 'lstat',
12 silly logfile   path: 'D:\\AUTOMATISATION_DES_TESTS\\express-archi-test-qualite\\npm-cache\\_logs\\2026-04-16T08_44_23_928Z-debug-0.log'
12 silly logfile }
13 silly logfile error removing log file D:\AUTOMATISATION_DES_TESTS\express-archi-test-qualite\npm-cache\_logs\2026-04-16T08_44_24_229Z-debug-0.log [Error: EPERM: operation not permitted, lstat 'D:\AUTOMATISATION_DES_TESTS\express-archi-test-qualite\npm-cache\_logs\2026-04-16T08_44_24_229Z-debug-0.log'] {
13 silly logfile   errno: -4048,
13 silly logfile   code: 'EPERM',
13 silly logfile   syscall: 'lstat',
13 silly logfile   path: 'D:\\AUTOMATISATION_DES_TESTS\\express-archi-test-qualite\\npm-cache\\_logs\\2026-04-16T08_44_24_229Z-debug-0.log'
13 silly logfile }
14 silly logfile done cleaning log files
