0 verbose cli C:\Program Files\nodejs\node.exe C:\Program Files\nodejs\node_modules\npm\bin\npm-cli.js
1 info using npm@11.6.4
2 info using node@v20.19.5
3 silly config load:file:C:\Users\jouvence computer\AppData\Roaming\nvm\v20.19.5\node_modules\npm\npmrc
4 silly config load:file:D:\AUTOMATISATION_DES_TESTS\express-archi-test-qualite\.npmrc
5 silly config load:file:C:\Users\jouvence computer\.npmrc
6 silly config load:file:C:\Program Files\nodejs\etc\npmrc
7 verbose title npm install husky
8 verbose argv "install" "--save-dev" "husky"
9 verbose logfile logs-max:10 dir:D:\AUTOMATISATION_DES_TESTS\express-archi-test-qualite\npm-cache\_logs\2026-04-16T09_56_08_972Z-
10 verbose logfile D:\AUTOMATISATION_DES_TESTS\express-archi-test-qualite\npm-cache\_logs\2026-04-16T09_56_08_972Z-debug-0.log
11 silly logfile start cleaning logs, removing 1 files
12 silly packumentCache heap:4345298944 maxSize:1086324736 maxEntrySize:543162368
13 silly logfile done cleaning log files
14 silly idealTree buildDeps
15 silly fetch manifest husky@*
16 silly packumentCache full:https://registry.npmjs.org/husky cache-miss
17 http fetch GET 200 https://registry.npmjs.org/husky 1773ms (cache miss)
18 silly packumentCache full:https://registry.npmjs.org/husky set size:undefined disposed:false
19 silly placeDep ROOT husky@9.1.7 OK for: shopshop-api@1.0.0 want: *
20 silly reify moves {}
21 silly audit bulk request {
21 silly audit   '@ampproject/remapping': [ '2.3.0' ],
21 silly audit   '@jridgewell/trace-mapping': [ '0.3.25', '0.3.9' ],
21 silly audit   '@babel/code-frame': [ '7.27.1' ],
21 silly audit   '@babel/compat-data': [ '7.27.5' ],
21 silly audit   '@babel/core': [ '7.27.4' ],
21 silly audit   debug: [ '4.4.0', '4.4.3', '2.6.9', '4.4.1' ],
21 silly audit   ms: [ '2.1.3', '2.0.0' ],
21 silly audit   '@babel/generator': [ '7.27.5' ],
21 silly audit   '@babel/helper-annotate-as-pure': [ '7.25.9' ],
21 silly audit   '@babel/helper-compilation-targets': [ '7.27.2' ],
21 silly audit   'lru-cache': [ '5.1.1', '10.4.3' ],
21 silly audit   '@babel/helper-create-class-features-plugin': [ '7.26.9' ],
21 silly audit   '@babel/helper-create-regexp-features-plugin': [ '7.26.3' ],
21 silly audit   '@babel/helper-define-polyfill-provider': [ '0.6.4' ],
21 silly audit   '@babel/helper-member-expression-to-functions': [ '7.25.9' ],
21 silly audit   '@babel/helper-module-imports': [ '7.27.1' ],
21 silly audit   '@babel/helper-module-transforms': [ '7.27.3' ],
21 silly audit   '@babel/helper-optimise-call-expression': [ '7.25.9' ],
21 silly audit   '@babel/helper-plugin-utils': [ '7.27.1' ],
21 silly audit   '@babel/helper-remap-async-to-generator': [ '7.25.9' ],
21 silly audit   '@babel/helper-replace-supers': [ '7.26.5' ],
21 silly audit   '@babel/helper-skip-transparent-expression-wrappers': [ '7.25.9' ],
21 silly audit   '@babel/helper-string-parser': [ '7.27.1' ],
21 silly audit   '@babel/helper-validator-identifier': [ '7.27.1' ],
21 silly audit   '@babel/helper-validator-option': [ '7.27.1' ],
21 silly audit   '@babel/helper-wrap-function': [ '7.25.9' ],
21 silly audit   '@babel/helpers': [ '7.27.6' ],
21 silly audit   '@babel/parser': [ '7.27.5' ],
21 silly audit   '@babel/plugin-bugfix-firefox-class-in-computed-class-key': [ '7.25.9' ],
21 silly audit   '@babel/plugin-bugfix-safari-class-field-initializer-scope': [ '7.25.9' ],
21 silly audit   '@babel/plugin-bugfix-safari-id-destructuring-collision-in-function-expression': [ '7.25.9' ],
21 silly audit   '@babel/plugin-bugfix-v8-spread-parameters-in-optional-chaining': [ '7.25.9' ],
21 silly audit   '@babel/plugin-bugfix-v8-static-class-fields-redefine-readonly': [ '7.25.9' ],
21 silly audit   '@babel/plugin-proposal-class-properties': [ '7.18.6' ],
21 silly audit   '@babel/plugin-proposal-decorators': [ '7.25.9' ],
21 silly audit   '@babel/plugin-proposal-private-property-in-object': [ '7.21.0-placeholder-for-preset-env.2' ],
21 silly audit   '@babel/plugin-syntax-async-generators': [ '7.8.4' ],
21 silly audit   '@babel/plugin-syntax-bigint': [ '7.8.3' ],
21 silly audit   '@babel/plugin-syntax-class-properties': [ '7.12.13' ],
21 silly audit   '@babel/plugin-syntax-class-static-block': [ '7.14.5' ],
21 silly audit   '@babel/plugin-syntax-decorators': [ '7.25.9' ],
21 silly audit   '@babel/plugin-syntax-import-assertions': [ '7.26.0' ],
21 silly audit   '@babel/plugin-syntax-import-attributes': [ '7.26.0' ],
21 silly audit   '@babel/plugin-syntax-import-meta': [ '7.10.4' ],
21 silly audit   '@babel/plugin-syntax-json-strings': [ '7.8.3' ],
21 silly audit   '@babel/plugin-syntax-jsx': [ '7.27.1' ],
21 silly audit   '@babel/plugin-syntax-logical-assignment-operators': [ '7.10.4' ],
21 silly audit   '@babel/plugin-syntax-nullish-coalescing-operator': [ '7.8.3' ],
21 silly audit   '@babel/plugin-syntax-numeric-separator': [ '7.10.4' ],
21 silly audit   '@babel/plugin-syntax-object-rest-spread': [ '7.8.3' ],
21 silly audit   '@babel/plugin-syntax-optional-catch-binding': [ '7.8.3' ],
21 silly audit   '@babel/plugin-syntax-optional-chaining': [ '7.8.3' ],
21 silly audit   '@babel/plugin-syntax-private-property-in-object': [ '7.14.5' ],
21 silly audit   '@babel/plugin-syntax-top-level-await': [ '7.14.5' ],
21 silly audit   '@babel/plugin-syntax-typescript': [ '7.27.1' ],
21 silly audit   '@babel/plugin-syntax-unicode-sets-regex': [ '7.18.6' ],
21 silly audit   '@babel/plugin-transform-arrow-functions': [ '7.25.9' ],
21 silly audit   '@babel/plugin-transform-async-generator-functions': [ '7.26.8' ],
21 silly audit   '@babel/plugin-transform-async-to-generator': [ '7.25.9' ],
21 silly audit   '@babel/plugin-transform-block-scoped-functions': [ '7.26.5' ],
21 silly audit   '@babel/plugin-transform-block-scoping': [ '7.25.9' ],
21 silly audit   '@babel/plugin-transform-class-properties': [ '7.25.9' ],
21 silly audit   '@babel/plugin-transform-class-static-block': [ '7.26.0' ],
21 silly audit   '@babel/plugin-transform-classes': [ '7.25.9' ],
21 silly audit   globals: [ '11.12.0', '14.0.0', '16.5.0' ],
21 silly audit   '@babel/plugin-transform-computed-properties': [ '7.25.9' ],
21 silly audit   '@babel/plugin-transform-destructuring': [ '7.25.9' ],
21 silly audit   '@babel/plugin-transform-dotall-regex': [ '7.25.9' ],
21 silly audit   '@babel/plugin-transform-duplicate-keys': [ '7.25.9' ],
21 silly audit   '@babel/plugin-transform-duplicate-named-capturing-groups-regex': [ '7.25.9' ],
21 silly audit   '@babel/plugin-transform-dynamic-import': [ '7.25.9' ],
21 silly audit   '@babel/plugin-transform-exponentiation-operator': [ '7.26.3' ],
21 silly audit   '@babel/plugin-transform-export-namespace-from': [ '7.25.9' ],
21 silly audit   '@babel/plugin-transform-for-of': [ '7.26.9' ],
21 silly audit   '@babel/plugin-transform-function-name': [ '7.25.9' ],
21 silly audit   '@babel/plugin-transform-json-strings': [ '7.25.9' ],
21 silly audit   '@babel/plugin-transform-literals': [ '7.25.9' ],
21 silly audit   '@babel/plugin-transform-logical-assignment-operators': [ '7.25.9' ],
21 silly audit   '@babel/plugin-transform-member-expression-literals': [ '7.25.9' ],
21 silly audit   '@babel/plugin-transform-modules-amd': [ '7.25.9' ],
21 silly audit   '@babel/plugin-transform-modules-commonjs': [ '7.26.3' ],
21 silly audit   '@babel/plugin-transform-modules-systemjs': [ '7.25.9' ],
21 silly audit   '@babel/plugin-transform-modules-umd': [ '7.25.9' ],
21 silly audit   '@babel/plugin-transform-named-capturing-groups-regex': [ '7.25.9' ],
21 silly audit   '@babel/plugin-transform-new-target': [ '7.25.9' ],
21 silly audit   '@babel/plugin-transform-nullish-coalescing-operator': [ '7.26.6' ],
21 silly audit   '@babel/plugin-transform-numeric-separator': [ '7.25.9' ],
21 silly audit   '@babel/plugin-transform-object-rest-spread': [ '7.25.9' ],
21 silly audit   '@babel/plugin-transform-object-super': [ '7.25.9' ],
21 silly audit   '@babel/plugin-transform-optional-catch-binding': [ '7.25.9' ],
21 silly audit   '@babel/plugin-transform-optional-chaining': [ '7.25.9' ],
21 silly audit   '@babel/plugin-transform-parameters': [ '7.25.9' ],
21 silly audit   '@babel/plugin-transform-private-methods': [ '7.25.9' ],
21 silly audit   '@babel/plugin-transform-private-property-in-object': [ '7.25.9' ],
21 silly audit   '@babel/plugin-transform-property-literals': [ '7.25.9' ],
21 silly audit   '@babel/plugin-transform-regenerator': [ '7.25.9' ],
21 silly audit   '@babel/plugin-transform-regexp-modifiers': [ '7.26.0' ],
21 silly audit   '@babel/plugin-transform-reserved-words': [ '7.25.9' ],
21 silly audit   '@babel/plugin-transform-shorthand-properties': [ '7.25.9' ],
21 silly audit   '@babel/plugin-transform-spread': [ '7.25.9' ],
21 silly audit   '@babel/plugin-transform-sticky-regex': [ '7.25.9' ],
21 silly audit   '@babel/plugin-transform-template-literals': [ '7.26.8' ],
21 silly audit   '@babel/plugin-transform-typeof-symbol': [ '7.26.7' ],
21 silly audit   '@babel/plugin-transform-typescript': [ '7.26.8' ],
21 silly audit   '@babel/plugin-transform-unicode-escapes': [ '7.25.9' ],
21 silly audit   '@babel/plugin-transform-unicode-property-regex': [ '7.25.9' ],
21 silly audit   '@babel/plugin-transform-unicode-regex': [ '7.25.9' ],
21 silly audit   '@babel/plugin-transform-unicode-sets-regex': [ '7.25.9' ],
21 silly audit   '@babel/preset-env': [ '7.26.9' ],
21 silly audit   '@babel/preset-modules': [ '0.1.6-no-external-plugins' ],
21 silly audit   '@babel/preset-typescript': [ '7.26.0' ],
21 silly audit   '@babel/runtime': [ '7.26.10' ],
21 silly audit   '@babel/template': [ '7.27.2' ],
21 silly audit   '@babel/traverse': [ '7.27.4' ],
21 silly audit   '@babel/types': [ '7.27.6' ],
21 silly audit   '@balena/dockerignore': [ '1.0.2' ],
21 silly audit   '@bcoe/v8-coverage': [ '0.2.3' ],
21 silly audit   '@cspotcode/source-map-support': [ '0.8.1' ],
21 silly audit   '@emnapi/core': [ '1.4.3' ],
21 silly audit   '@emnapi/runtime': [ '1.4.3' ],
21 silly audit   '@emnapi/wasi-threads': [ '1.0.2' ],
21 silly audit   '@eslint-community/eslint-utils': [ '4.9.0' ],
21 silly audit   '@eslint-community/regexpp': [ '4.12.2' ],
21 silly audit   '@eslint/config-array': [ '0.21.1' ],
21 silly audit   'brace-expansion': [ '1.1.12', '2.0.1', '5.0.5', '1.1.11', '2.0.2' ],
21 silly audit   minimatch: [ '3.1.2', '5.1.6', '9.0.5', '10.2.5' ],
21 silly audit   '@eslint/config-helpers': [ '0.4.2' ],
21 silly audit   '@eslint/core': [ '0.17.0' ],
21 silly audit   '@eslint/eslintrc': [ '3.3.3' ],
21 silly audit   argparse: [ '2.0.1', '1.0.10' ],
21 silly audit   ignore: [ '5.3.2', '7.0.5' ],
21 silly audit   'js-yaml': [ '4.1.1', '3.14.1' ],
21 silly audit   '@eslint/js': [ '9.39.1' ],
21 silly audit   '@eslint/object-schema': [ '2.1.7' ],
21 silly audit   '@eslint/plugin-kit': [ '0.4.1' ],
21 silly audit   '@grpc/grpc-js': [ '1.13.4' ],
21 silly audit   '@grpc/proto-loader': [ '0.7.15' ],
21 silly audit   '@humanfs/core': [ '0.19.1' ],
21 silly audit   '@humanfs/node': [ '0.16.7' ],
21 silly audit   '@humanwhocodes/module-importer': [ '1.0.1' ],
21 silly audit   '@humanwhocodes/retry': [ '0.4.3' ],
21 silly audit   '@isaacs/cliui': [ '8.0.2' ],
21 silly audit   '@istanbuljs/load-nyc-config': [ '1.1.0' ],
21 silly audit   '@istanbuljs/schema': [ '0.1.3' ],
21 silly audit   '@jest/console': [ '30.0.0' ],
21 silly audit   '@jest/schemas': [ '30.0.0', '29.6.3' ],
21 silly audit   '@jest/types': [ '30.0.0', '29.6.3' ],
21 silly audit   '@sinclair/typebox': [ '0.34.35', '0.27.8' ],
21 silly audit   'ansi-styles': [ '5.2.0', '4.3.0', '6.2.1' ],
21 silly audit   'ci-info': [ '4.2.0', '3.9.0' ],
21 silly audit   'jest-message-util': [ '30.0.0', '29.7.0' ],
21 silly audit   'jest-util': [ '30.0.0', '29.7.0' ],
21 silly audit   picomatch: [ '4.0.2', '2.3.1', '4.0.3' ],
21 silly audit   'pretty-format': [ '30.0.0', '29.7.0' ],
21 silly audit   '@jest/core': [ '30.0.0' ],
21 silly audit   '@jest/expect-utils': [ '30.0.0', '29.7.0' ],
21 silly audit   '@jest/transform': [ '30.0.0', '29.7.0' ],
21 silly audit   'babel-plugin-istanbul': [ '7.0.0', '6.1.1' ],
21 silly audit   expect: [ '30.0.0', '29.7.0' ],
21 silly audit   'jest-diff': [ '30.0.0', '29.7.0' ],
21 silly audit   'jest-haste-map': [ '30.0.0', '29.7.0' ],
21 silly audit   'jest-matcher-utils': [ '30.0.0', '29.7.0' ],
21 silly audit   'jest-mock': [ '30.0.0', '29.7.0' ],
21 silly audit   'jest-regex-util': [ '30.0.0', '29.6.3' ],
21 silly audit   'jest-snapshot': [ '30.0.0', '29.7.0' ],
21 silly audit   'jest-worker': [ '30.0.0', '29.7.0' ],
21 silly audit   semver: [ '7.7.2', '7.7.3', '7.7.1', '7.7.4', '6.3.1' ],
21 silly audit   'supports-color': [ '8.1.1', '5.5.0', '7.2.0', '10.0.0' ],
21 silly audit   'write-file-atomic': [ '5.0.1', '4.0.2', '6.0.0' ],
21 silly audit   '@jest/diff-sequences': [ '30.0.0' ],
21 silly audit   '@jest/environment': [ '29.7.0', '30.0.0' ],
21 silly audit   '@jest/expect': [ '29.7.0', '30.0.0' ],
21 silly audit   '@jest/fake-timers': [ '29.7.0', '30.0.0' ],
21 silly audit   '@jest/get-type': [ '30.0.0' ],
21 silly audit   '@jest/globals': [ '29.7.0', '30.0.0' ],
21 silly audit   '@jest/pattern': [ '30.0.0' ],
21 silly audit   '@jest/reporters': [ '30.0.0' ],
21 silly audit   '@jest/snapshot-utils': [ '30.0.0' ],
21 silly audit   '@jest/source-map': [ '30.0.0' ],
21 silly audit   '@jest/test-result': [ '30.0.0' ],
21 silly audit   '@jest/test-sequencer': [ '30.0.0' ],
21 silly audit   '@jridgewell/gen-mapping': [ '0.3.8' ],
21 silly audit   '@jridgewell/resolve-uri': [ '3.1.2' ],
21 silly audit   '@jridgewell/set-array': [ '1.2.1' ],
21 silly audit   '@jridgewell/sourcemap-codec': [ '1.5.0' ],
21 silly audit   '@js-sdsl/ordered-map': [ '4.4.2' ],
21 silly audit   '@napi-rs/wasm-runtime': [ '0.2.11' ],
21 silly audit   '@noble/hashes': [ '1.8.0' ],
21 silly audit   '@paralleldrive/cuid2': [ '2.2.2' ],
21 silly audit   '@pkgjs/parseargs': [ '0.11.0' ],
21 silly audit   '@pkgr/core': [ '0.2.7' ],
21 silly audit   '@protobufjs/aspromise': [ '1.1.2' ],
21 silly audit   '@protobufjs/base64': [ '1.1.2' ],
21 silly audit   '@protobufjs/codegen': [ '2.0.4' ],
21 silly audit   '@protobufjs/eventemitter': [ '1.1.0' ],
21 silly audit   '@protobufjs/fetch': [ '1.1.0' ],
21 silly audit   '@protobufjs/float': [ '1.0.2' ],
21 silly audit   '@protobufjs/inquire': [ '1.1.0' ],
21 silly audit   '@protobufjs/path': [ '1.1.2' ],
21 silly audit   '@protobufjs/pool': [ '1.1.0' ],
21 silly audit   '@protobufjs/utf8': [ '1.1.0' ],
21 silly audit   '@sinonjs/commons': [ '3.0.1' ],
21 silly audit   '@sinonjs/fake-timers': [ '10.3.0', '13.0.5' ],
21 silly audit   '@sqltools/formatter': [ '1.2.5' ],
21 silly audit   '@testcontainers/postgresql': [ '11.0.3' ],
21 silly audit   '@tsconfig/node10': [ '1.0.11' ],
21 silly audit   '@tsconfig/node12': [ '1.0.11' ],
21 silly audit   '@tsconfig/node14': [ '1.0.3' ],
21 silly audit   '@tsconfig/node16': [ '1.0.4' ],
21 silly audit   '@tybys/wasm-util': [ '0.9.0' ],
21 silly audit   '@types/babel__core': [ '7.20.5' ],
21 silly audit   '@types/babel__generator': [ '7.6.8' ],
21 silly audit   '@types/babel__template': [ '7.4.4' ],
21 silly audit   '@types/babel__traverse': [ '7.20.6' ],
21 silly audit   '@types/body-parser': [ '1.19.5' ],
21 silly audit   '@types/connect': [ '3.4.38' ],
21 silly audit   '@types/cookiejar': [ '2.1.5' ],
21 silly audit   '@types/docker-modem': [ '3.0.6' ],
21 silly audit   '@types/dockerode': [ '3.3.41' ],
21 silly audit   '@types/estree': [ '1.0.8' ],
21 silly audit   '@types/express': [ '5.0.0' ],
21 silly audit   '@types/express-serve-static-core': [ '5.0.4' ],
21 silly audit   '@types/graceful-fs': [ '4.1.9' ],
21 silly audit   '@types/http-errors': [ '2.0.4' ],
21 silly audit   '@types/istanbul-lib-coverage': [ '2.0.6' ],
21 silly audit   '@types/istanbul-lib-report': [ '3.0.3' ],
21 silly audit   '@types/istanbul-reports': [ '3.0.4' ],
21 silly audit   '@types/json-schema': [ '7.0.15' ],
21 silly audit   '@types/methods': [ '1.1.4' ],
21 silly audit   '@types/mime': [ '1.3.5' ],
21 silly audit   '@types/node': [ '22.10.5', '18.19.112' ],
21 silly audit   '@types/qs': [ '6.9.17' ],
21 silly audit   '@types/range-parser': [ '1.2.7' ],
21 silly audit   '@types/send': [ '0.17.4' ],
21 silly audit   '@types/serve-static': [ '1.15.7' ],
21 silly audit   '@types/ssh2': [ '1.15.5', '0.5.52' ],
21 silly audit   '@types/ssh2-streams': [ '0.1.12' ],
21 silly audit   'undici-types': [ '5.26.5', '6.20.0' ],
21 silly audit   '@types/stack-utils': [ '2.0.3' ],
21 silly audit   '@types/superagent': [ '8.1.9' ],
21 silly audit   '@types/supertest': [ '6.0.3' ],
21 silly audit   '@types/yargs': [ '17.0.33' ],
21 silly audit   '@types/yargs-parser': [ '21.0.3' ],
21 silly audit   '@typescript-eslint/eslint-plugin': [ '8.48.0' ],
21 silly audit   '@typescript-eslint/parser': [ '8.48.0' ],
21 silly audit   '@typescript-eslint/project-service': [ '8.48.0' ],
21 silly audit   '@typescript-eslint/scope-manager': [ '8.48.0' ],
21 silly audit   '@typescript-eslint/tsconfig-utils': [ '8.48.0' ],
21 silly audit   '@typescript-eslint/type-utils': [ '8.48.0' ],
21 silly audit   '@typescript-eslint/types': [ '8.48.0' ],
21 silly audit   '@typescript-eslint/typescript-estree': [ '8.48.0' ],
21 silly audit   '@typescript-eslint/utils': [ '8.48.0' ],
21 silly audit   '@typescript-eslint/visitor-keys': [ '8.48.0' ],
21 silly audit   'eslint-visitor-keys': [ '4.2.1', '3.4.3' ],
21 silly audit   '@ungap/structured-clone': [ '1.3.0' ],
21 silly audit   '@unrs/resolver-binding-android-arm-eabi': [ '1.9.0' ],
21 silly audit   '@unrs/resolver-binding-android-arm64': [ '1.9.0' ],
21 silly audit   '@unrs/resolver-binding-darwin-arm64': [ '1.9.0' ],
21 silly audit   '@unrs/resolver-binding-darwin-x64': [ '1.9.0' ],
21 silly audit   '@unrs/resolver-binding-freebsd-x64': [ '1.9.0' ],
21 silly audit   '@unrs/resolver-binding-linux-arm-gnueabihf': [ '1.9.0' ],
21 silly audit   '@unrs/resolver-binding-linux-arm-musleabihf': [ '1.9.0' ],
21 silly audit   '@unrs/resolver-binding-linux-arm64-gnu': [ '1.9.0' ],
21 silly audit   '@unrs/resolver-binding-linux-arm64-musl': [ '1.9.0' ],
21 silly audit   '@unrs/resolver-binding-linux-ppc64-gnu': [ '1.9.0' ],
21 silly audit   '@unrs/resolver-binding-linux-riscv64-gnu': [ '1.9.0' ],
21 silly audit   '@unrs/resolver-binding-linux-riscv64-musl': [ '1.9.0' ],
21 silly audit   '@unrs/resolver-binding-linux-s390x-gnu': [ '1.9.0' ],
21 silly audit   '@unrs/resolver-binding-linux-x64-gnu': [ '1.9.0' ],
21 silly audit   '@unrs/resolver-binding-linux-x64-musl': [ '1.9.0' ],
21 silly audit   '@unrs/resolver-binding-wasm32-wasi': [ '1.9.0' ],
21 silly audit   '@unrs/resolver-binding-win32-arm64-msvc': [ '1.9.0' ],
21 silly audit   '@unrs/resolver-binding-win32-ia32-msvc': [ '1.9.0' ],
21 silly audit   '@unrs/resolver-binding-win32-x64-msvc': [ '1.9.0' ],
21 silly audit   'abort-controller': [ '3.0.0' ],
21 silly audit   accepts: [ '1.3.8' ],
21 silly audit   acorn: [ '8.15.0' ],
21 silly audit   'acorn-jsx': [ '5.3.2' ],
21 silly audit   'acorn-walk': [ '8.3.4' ],
21 silly audit   'adm-zip': [ '0.5.16' ],
21 silly audit   ajv: [ '6.12.6' ],
21 silly audit   'ansi-escapes': [ '4.3.2' ],
21 silly audit   'ansi-regex': [ '6.1.0', '5.0.1' ],
21 silly audit   'any-promise': [ '1.3.0' ],
21 silly audit   anymatch: [ '3.1.3' ],
21 silly audit   'app-root-path': [ '3.1.0' ],
21 silly audit   archiver: [ '7.0.1' ],
21 silly audit   'archiver-utils': [ '5.0.2' ],
21 silly audit   'readable-stream': [ '4.7.0', '3.6.2', '2.3.7' ],
21 silly audit   string_decoder: [ '1.3.0', '1.1.1' ],
21 silly audit   arg: [ '4.1.3' ],
21 silly audit   'sprintf-js': [ '1.0.3', '1.1.3' ],
21 silly audit   'array-buffer-byte-length': [ '1.0.2' ],
21 silly audit   'array-flatten': [ '1.1.1' ],
21 silly audit   'array-includes': [ '3.1.9' ],
21 silly audit   'array.prototype.findlast': [ '1.2.5' ],
21 silly audit   'array.prototype.flat': [ '1.3.3' ],
21 silly audit   'array.prototype.flatmap': [ '1.3.3' ],
21 silly audit   'array.prototype.tosorted': [ '1.1.4' ],
21 silly audit   'arraybuffer.prototype.slice': [ '1.0.4' ],
21 silly audit   asap: [ '2.0.6' ],
21 silly audit   asn1: [ '0.2.6' ],
21 silly audit   async: [ '3.2.6' ],
21 silly audit   'async-function': [ '1.0.0' ],
21 silly audit   'async-lock': [ '1.4.1' ],
21 silly audit   asynckit: [ '0.4.0' ],
21 silly audit   'available-typed-arrays': [ '1.0.7' ],
21 silly audit   axios: [ '1.12.2' ],
21 silly audit   b4a: [ '1.6.7' ],
21 silly audit   'babel-jest': [ '29.7.0', '30.0.0' ],
21 silly audit   'istanbul-lib-instrument': [ '5.2.1', '6.0.3' ],
21 silly audit   'babel-plugin-jest-hoist': [ '29.6.3', '30.0.0' ],
21 silly audit   'babel-plugin-polyfill-corejs2': [ '0.4.13' ],
21 silly audit   'babel-plugin-polyfill-corejs3': [ '0.11.1' ],
21 silly audit   'babel-plugin-polyfill-regenerator': [ '0.6.4' ],
21 silly audit   'babel-preset-current-node-syntax': [ '1.1.0' ],
21 silly audit   'babel-preset-jest': [ '29.6.3', '30.0.0' ],
21 silly audit   'balanced-match': [ '1.0.2', '4.0.4' ],
21 silly audit   'bare-events': [ '2.5.4' ],
21 silly audit   'bare-fs': [ '4.1.5' ],
21 silly audit   'bare-os': [ '3.6.1' ],
21 silly audit   'bare-path': [ '3.0.0' ],
21 silly audit   'bare-stream': [ '2.6.5' ],
21 silly audit   'base64-js': [ '1.5.1' ],
21 silly audit   'bcrypt-pbkdf': [ '1.0.2' ],
21 silly audit   'bignumber.js': [ '9.0.0' ],
21 silly audit   'binary-extensions': [ '2.3.0', '3.1.0' ],
21 silly audit   bl: [ '4.1.0' ],
21 silly audit   buffer: [ '5.7.1', '6.0.3' ],
21 silly audit   'body-parser': [ '1.20.3' ],
21 silly audit   braces: [ '3.0.3' ],
21 silly audit   browserslist: [ '4.24.4' ],
21 silly audit   'bs-logger': [ '0.2.6' ],
21 silly audit   bser: [ '2.1.1' ],
21 silly audit   'buffer-crc32': [ '1.0.0' ],
21 silly audit   'buffer-from': [ '1.1.2' ],
21 silly audit   buildcheck: [ '0.0.6' ],
21 silly audit   byline: [ '5.0.0' ],
21 silly audit   bytes: [ '3.1.2' ],
21 silly audit   'call-bind': [ '1.0.8' ],
21 silly audit   'call-bind-apply-helpers': [ '1.0.2' ],
21 silly audit   'call-bound': [ '1.0.4' ],
21 silly audit   callsites: [ '3.1.0' ],
21 silly audit   camelcase: [ '5.3.1', '6.3.0' ],
21 silly audit   'caniuse-lite': [ '1.0.30001706' ],
21 silly audit   chalk: [ '4.1.2', '5.4.1' ],
21 silly audit   'char-regex': [ '1.0.2' ],
21 silly audit   chokidar: [ '3.6.0' ],
21 silly audit   'glob-parent': [ '5.1.2', '6.0.2' ],
21 silly audit   chownr: [ '1.1.4', '3.0.0', '2.0.0' ],
21 silly audit   'cjs-module-lexer': [ '2.1.0' ],
21 silly audit   'cli-highlight': [ '2.1.11' ],
21 silly audit   cliui: [ '7.0.4', '8.0.1' ],
21 silly audit   'emoji-regex': [ '8.0.0', '9.2.2' ],
21 silly audit   'string-width': [ '4.2.3', '5.1.2' ],
21 silly audit   'strip-ansi': [ '6.0.1', '7.1.0' ],
21 silly audit   'wrap-ansi': [ '7.0.0', '8.1.0' ],
21 silly audit   yargs: [ '16.2.0', '17.7.2' ],
21 silly audit   'yargs-parser': [ '20.2.9', '21.1.1' ],
21 silly audit   co: [ '4.6.0' ],
21 silly audit   'collect-v8-coverage': [ '1.0.2' ],
21 silly audit   'color-convert': [ '2.0.1' ],
21 silly audit   'color-name': [ '1.1.4' ],
21 silly audit   'combined-stream': [ '1.0.8' ],
21 silly audit   commander: [ '9.5.0', '13.1.0' ],
21 silly audit   'component-emitter': [ '1.3.1' ],
21 silly audit   'compress-commons': [ '6.0.2' ],
21 silly audit   'concat-map': [ '0.0.1' ],
21 silly audit   'content-disposition': [ '0.5.4' ],
21 silly audit   'content-type': [ '1.0.5' ],
21 silly audit   'convert-source-map': [ '2.0.0' ],
21 silly audit   cookie: [ '0.7.1' ],
21 silly audit   'cookie-signature': [ '1.0.6' ],
21 silly audit   cookiejar: [ '2.1.4' ],
21 silly audit   'core-js-compat': [ '3.41.0' ],
21 silly audit   'core-util-is': [ '1.0.3' ],
21 silly audit   cors: [ '2.8.5' ],
21 silly audit   'cpu-features': [ '0.0.10' ],
21 silly audit   'crc-32': [ '1.2.2' ],
21 silly audit   'crc32-stream': [ '6.0.0' ],
21 silly audit   'create-require': [ '1.1.1' ],
21 silly audit   'cross-spawn': [ '7.0.6' ],
21 silly audit   'data-view-buffer': [ '1.0.2' ],
21 silly audit   'data-view-byte-length': [ '1.0.2' ],
21 silly audit   'data-view-byte-offset': [ '1.0.1' ],
21 silly audit   dayjs: [ '1.11.13' ],
21 silly audit   dedent: [ '1.6.0' ],
21 silly audit   'deep-is': [ '0.1.4' ],
21 silly audit   deepmerge: [ '4.3.1' ],
21 silly audit   'define-data-property': [ '1.1.4' ],
21 silly audit   'define-properties': [ '1.2.1' ],
21 silly audit   'delayed-stream': [ '1.0.0' ],
21 silly audit   depd: [ '2.0.0' ],
21 silly audit   destroy: [ '1.2.0' ],
21 silly audit   'detect-newline': [ '3.1.0' ],
21 silly audit   dezalgo: [ '1.0.4' ],
21 silly audit   diff: [ '4.0.2', '7.0.0' ],
21 silly audit   'diff-sequences': [ '29.6.3' ],
21 silly audit   'docker-compose': [ '1.2.0' ],
21 silly audit   'docker-modem': [ '5.0.6' ],
21 silly audit   dockerode: [ '4.0.7' ],
21 silly audit   'tar-fs': [ '2.1.3', '3.0.10' ],
21 silly audit   'tar-stream': [ '2.2.0', '3.1.7' ],
21 silly audit   uuid: [ '10.0.0', '9.0.1' ],
21 silly audit   doctrine: [ '2.1.0' ],
21 silly audit   dotenv: [ '16.4.7' ],
21 silly audit   'dunder-proto': [ '1.0.1' ],
21 silly audit   eastasianwidth: [ '0.2.0' ],
21 silly audit   'ee-first': [ '1.1.1' ],
21 silly audit   ejs: [ '3.1.10' ],
21 silly audit   'electron-to-chromium': [ '1.5.120' ],
21 silly audit   emittery: [ '0.13.1' ],
21 silly audit   encodeurl: [ '2.0.0', '1.0.2' ],
21 silly audit   'end-of-stream': [ '1.4.5' ],
21 silly audit   'error-ex': [ '1.3.2' ],
21 silly audit   'es-abstract': [ '1.24.0' ],
21 silly audit   'es-define-property': [ '1.0.1' ],
21 silly audit   'es-errors': [ '1.3.0' ],
21 silly audit   'es-iterator-helpers': [ '1.2.1' ],
21 silly audit   'es-object-atoms': [ '1.1.1' ],
21 silly audit   'es-set-tostringtag': [ '2.1.0' ],
21 silly audit   'es-shim-unscopables': [ '1.1.0' ],
21 silly audit   'es-to-primitive': [ '1.3.0' ],
21 silly audit   escalade: [ '3.2.0' ],
21 silly audit   'escape-html': [ '1.0.3' ],
21 silly audit   'escape-string-regexp': [ '2.0.0', '4.0.0' ],
21 silly audit   eslint: [ '9.39.1' ],
21 silly audit   'eslint-config-prettier': [ '10.1.8' ],
21 silly audit   'eslint-plugin-prettier': [ '5.5.4' ],
21 silly audit   'eslint-plugin-react': [ '7.37.5' ],
21 silly audit   resolve: [ '2.0.0-next.5', '1.22.10' ],
21 silly audit   'eslint-scope': [ '8.4.0' ],
21 silly audit   'find-up': [ '5.0.0', '4.1.0' ],
21 silly audit   'locate-path': [ '6.0.0', '5.0.0' ],
21 silly audit   'p-locate': [ '5.0.0', '4.1.0' ],
21 silly audit   espree: [ '10.4.0' ],
21 silly audit   esprima: [ '4.0.1' ],
21 silly audit   esquery: [ '1.6.0' ],
21 silly audit   esrecurse: [ '4.3.0' ],
21 silly audit   estraverse: [ '5.3.0' ],
21 silly audit   esutils: [ '2.0.3' ],
21 silly audit   etag: [ '1.8.1' ],
21 silly audit   'event-target-shim': [ '5.0.1' ],
21 silly audit   events: [ '3.3.0' ],
21 silly audit   execa: [ '5.1.1' ],
21 silly audit   'signal-exit': [ '3.0.7', '4.1.0' ],
21 silly audit   'exit-x': [ '0.2.2' ],
21 silly audit   express: [ '4.21.2' ],
21 silly audit   'fast-deep-equal': [ '3.1.3' ],
21 silly audit   'fast-diff': [ '1.3.0' ],
21 silly audit   'fast-fifo': [ '1.3.2' ],
21 silly audit   'fast-json-stable-stringify': [ '2.1.0' ],
21 silly audit   'fast-levenshtein': [ '2.0.6' ],
21 silly audit   'fast-safe-stringify': [ '2.1.1' ],
21 silly audit   'fb-watchman': [ '2.0.2' ],
21 silly audit   'file-entry-cache': [ '8.0.0' ],
21 silly audit   filelist: [ '1.0.4' ],
21 silly audit   'fill-range': [ '7.1.1' ],
21 silly audit   finalhandler: [ '1.3.1' ],
21 silly audit   'flat-cache': [ '4.0.1' ],
21 silly audit   flatted: [ '3.3.3' ],
21 silly audit   'follow-redirects': [ '1.15.11' ],
21 silly audit   'for-each': [ '0.3.5' ],
21 silly audit   'foreground-child': [ '3.3.0', '3.3.1' ],
21 silly audit   'form-data': [ '4.0.5' ],
21 silly audit   formidable: [ '3.5.4' ],
21 silly audit   forwarded: [ '0.2.0' ],
21 silly audit   fresh: [ '0.5.2' ],
21 silly audit   'fs-constants': [ '1.0.0' ],
21 silly audit   'fs-extra': [ '11.3.2' ],
21 silly audit   'fs.realpath': [ '1.0.0' ],
21 silly audit   fsevents: [ '2.3.3' ],
21 silly audit   'function-bind': [ '1.1.2' ],
21 silly audit   'function.prototype.name': [ '1.1.8' ],
21 silly audit   'functions-have-names': [ '1.2.3' ],
21 silly audit   'generator-function': [ '2.0.1' ],
21 silly audit   gensync: [ '1.0.0-beta.2' ],
21 silly audit   'get-caller-file': [ '2.0.5' ],
21 silly audit   'get-intrinsic': [ '1.3.0' ],
21 silly audit   'get-package-type': [ '0.1.0' ],
21 silly audit   'get-port': [ '7.1.0' ],
21 silly audit   'get-proto': [ '1.0.1' ],
21 silly audit   'get-stream': [ '6.0.1' ],
21 silly audit   'get-symbol-description': [ '1.1.0' ],
21 silly audit   glob: [ '10.4.5', '7.2.3' ],
21 silly audit   globalthis: [ '1.0.4' ],
21 silly audit   gopd: [ '1.2.0' ],
21 silly audit   'graceful-fs': [ '4.2.11' ],
21 silly audit   graphemer: [ '1.4.0' ],
21 silly audit   'has-bigints': [ '1.1.0' ],
21 silly audit   'has-flag': [ '4.0.0', '3.0.0' ],
21 silly audit   'has-property-descriptors': [ '1.0.2' ],
21 silly audit   'has-proto': [ '1.2.0' ],
21 silly audit   'has-symbols': [ '1.1.0' ],
21 silly audit   'has-tostringtag': [ '1.0.2' ],
21 silly audit   hasown: [ '2.0.2' ],
21 silly audit   'highlight.js': [ '10.7.3' ],
21 silly audit   hpagent: [ '1.2.0' ],
21 silly audit   'html-escaper': [ '2.0.2' ],
21 silly audit   'http-errors': [ '2.0.0' ],
21 silly audit   'human-signals': [ '2.1.0' ],
21 silly audit   i: [ '0.3.7' ],
21 silly audit   'iconv-lite': [ '0.4.24', '0.6.3' ],
21 silly audit   ieee754: [ '1.2.1' ],
21 silly audit   'ignore-by-default': [ '1.0.1' ],
21 silly audit   'import-fresh': [ '3.3.1' ],
21 silly audit   'resolve-from': [ '4.0.0', '5.0.0' ],
21 silly audit   'import-local': [ '3.2.0' ],
21 silly audit   imurmurhash: [ '0.1.4' ],
21 silly audit   inflight: [ '1.0.6' ],
21 silly audit   inherits: [ '2.0.4' ],
21 silly audit   'internal-slot': [ '1.1.0' ],
21 silly audit   'ipaddr.js': [ '1.9.1' ],
21 silly audit   'is-array-buffer': [ '3.0.5' ],
21 silly audit   'is-arrayish': [ '0.2.1' ],
21 silly audit   'is-async-function': [ '2.1.1' ],
21 silly audit   'is-bigint': [ '1.1.0' ],
21 silly audit   'is-binary-path': [ '2.1.0' ],
21 silly audit   'is-boolean-object': [ '1.2.2' ],
21 silly audit   'is-callable': [ '1.2.7' ],
21 silly audit   'is-core-module': [ '2.16.1' ],
21 silly audit   'is-data-view': [ '1.0.2' ],
21 silly audit   'is-date-object': [ '1.1.0' ],
21 silly audit   'is-extglob': [ '2.1.1' ],
21 silly audit   'is-finalizationregistry': [ '1.1.1' ],
21 silly audit   'is-fullwidth-code-point': [ '3.0.0' ],
21 silly audit   'is-generator-fn': [ '2.1.0' ],
21 silly audit   'is-generator-function': [ '1.1.2' ],
21 silly audit   'is-glob': [ '4.0.3' ],
21 silly audit   'is-map': [ '2.0.3' ],
21 silly audit   'is-negative-zero': [ '2.0.3' ],
21 silly audit   'is-number': [ '7.0.0' ],
21 silly audit   'is-number-object': [ '1.1.1' ],
21 silly audit   'is-regex': [ '1.2.1' ],
21 silly audit   'is-set': [ '2.0.3' ],
21 silly audit   'is-shared-array-buffer': [ '1.0.4' ],
21 silly audit   'is-stream': [ '2.0.1' ],
21 silly audit   'is-string': [ '1.1.1' ],
21 silly audit   'is-symbol': [ '1.1.1' ],
21 silly audit   'is-typed-array': [ '1.1.15' ],
21 silly audit   'is-weakmap': [ '2.0.2' ],
21 silly audit   'is-weakref': [ '1.1.1' ],
21 silly audit   'is-weakset': [ '2.0.4' ],
21 silly audit   isarray: [ '1.0.0', '2.0.5' ],
21 silly audit   isexe: [ '2.0.0', '3.1.1' ],
21 silly audit   'istanbul-lib-coverage': [ '3.2.2' ],
21 silly audit   'istanbul-lib-report': [ '3.0.1' ],
21 silly audit   'istanbul-lib-source-maps': [ '5.0.6' ],
21 silly audit   'istanbul-reports': [ '3.1.7' ],
21 silly audit   'iterator.prototype': [ '1.1.5' ],
21 silly audit   jackspeak: [ '3.4.3' ],
21 silly audit   jake: [ '10.9.2' ],
21 silly audit   jest: [ '30.0.0' ],
21 silly audit   'jest-changed-files': [ '30.0.0' ],
21 silly audit   'jest-circus': [ '30.0.0' ],
21 silly audit   'jest-cli': [ '30.0.0' ],
21 silly audit   'jest-config': [ '30.0.0' ],
21 silly audit   'jest-docblock': [ '30.0.0' ],
21 silly audit   'jest-each': [ '30.0.0' ],
21 silly audit   'jest-environment-node': [ '30.0.0' ],
21 silly audit   'jest-get-type': [ '29.6.3' ],
21 silly audit   'jest-leak-detector': [ '30.0.0' ],
21 silly audit   'jest-pnp-resolver': [ '1.2.3' ],
21 silly audit   'jest-resolve': [ '30.0.0' ],
21 silly audit   'jest-resolve-dependencies': [ '30.0.0' ],
21 silly audit   'jest-runner': [ '30.0.0' ],
21 silly audit   'jest-runtime': [ '30.0.0' ],
21 silly audit   'jest-validate': [ '30.0.0' ],
21 silly audit   'jest-watcher': [ '30.0.0' ],
21 silly audit   jiti: [ '2.6.1' ],
21 silly audit   'js-tokens': [ '4.0.0' ],
21 silly audit   jsesc: [ '3.1.0', '3.0.2' ],
21 silly audit   'json-buffer': [ '3.0.1' ],
21 silly audit   'json-parse-even-better-errors': [ '2.3.1', '4.0.0' ],
21 silly audit   'json-schema-traverse': [ '0.4.1' ],
21 silly audit   'json-stable-stringify-without-jsonify': [ '1.0.1' ],
21 silly audit   json5: [ '2.2.3' ],
21 silly audit   jsonfile: [ '6.2.0' ],
21 silly audit   'jsx-ast-utils': [ '3.3.5' ],
21 silly audit   keyv: [ '4.5.4' ],
21 silly audit   lazystream: [ '1.0.1' ],
21 silly audit   leven: [ '3.1.0' ],
21 silly audit   levn: [ '0.4.1' ],
21 silly audit   'lines-and-columns': [ '1.2.4' ],
21 silly audit   lodash: [ '4.17.21' ],
21 silly audit   'lodash.camelcase': [ '4.3.0' ],
21 silly audit   'lodash.debounce': [ '4.0.8' ],
21 silly audit   'lodash.memoize': [ '4.1.2' ],
21 silly audit   'lodash.merge': [ '4.6.2' ],
21 silly audit   long: [ '5.3.2' ],
21 silly audit   'loose-envify': [ '1.4.0' ],
21 silly audit   'make-dir': [ '4.0.0' ],
21 silly audit   'make-error': [ '1.3.6' ],
21 silly audit   makeerror: [ '1.0.12' ],
21 silly audit   'math-intrinsics': [ '1.1.0' ],
21 silly audit   'media-typer': [ '0.3.0' ],
21 silly audit   'merge-descriptors': [ '1.0.3' ],
21 silly audit   'merge-stream': [ '2.0.0' ],
21 silly audit   methods: [ '1.1.2' ],
21 silly audit   micromatch: [ '4.0.8' ],
21 silly audit   mime: [ '1.6.0', '2.6.0' ],
21 silly audit   'mime-db': [ '1.52.0' ],
21 silly audit   'mime-types': [ '2.1.35' ],
21 silly audit   'mimic-fn': [ '2.1.0' ],
21 silly audit   minipass: [ '7.1.2', '3.3.6', '5.0.0' ],
21 silly audit   mkdirp: [ '2.1.6', '1.0.4', '3.0.1' ],
21 silly audit   'mkdirp-classic': [ '0.5.3' ],
21 silly audit   mysql: [ '2.18.1' ],
21 silly audit   'safe-buffer': [ '5.1.2', '5.2.1' ],
21 silly audit   mz: [ '2.7.0' ],
21 silly audit   nan: [ '2.22.2' ],
21 silly audit   'napi-postinstall': [ '0.2.4' ],
21 silly audit   'natural-compare': [ '1.4.0' ],
21 silly audit   negotiator: [ '0.6.3', '1.0.0' ],
21 silly audit   'node-forge': [ '1.3.1' ],
21 silly audit   'node-int64': [ '0.4.0' ],
21 silly audit   'node-releases': [ '2.0.19' ],
21 silly audit   nodemon: [ '3.1.14' ],
21 silly audit   'normalize-path': [ '3.0.0' ],
21 silly audit   npm: [ '11.4.2' ],
21 silly audit   'npm-run-path': [ '4.0.1' ],
21 silly audit   minizlib: [ '3.0.2', '2.1.2' ],
21 silly audit   tar: [ '7.4.3', '6.2.1' ],
21 silly audit   yallist: [ '3.1.1', '5.0.0', '4.0.0' ],
21 silly audit   which: [ '2.0.2', '5.0.0' ],
21 silly audit   'fs-minipass': [ '3.0.3', '2.1.0' ],
21 silly audit   'package-json-from-dist': [ '1.0.1' ],
21 silly audit   'path-key': [ '3.1.1' ],
21 silly audit   'path-scurry': [ '1.11.1' ],
21 silly audit   retry: [ '0.12.0' ],
21 silly audit   'safer-buffer': [ '2.1.2' ],
21 silly audit   'shebang-command': [ '2.0.0' ],
21 silly audit   'shebang-regex': [ '3.0.0' ],
21 silly audit   'spdx-expression-parse': [ '3.0.1', '4.0.0' ],
21 silly audit   tinyglobby: [ '0.2.15', '0.2.14' ],
21 silly audit   fdir: [ '6.5.0', '6.4.6' ],
21 silly audit   'util-deprecate': [ '1.0.2' ],
21 silly audit   'object-assign': [ '4.1.1' ],
21 silly audit   'object-inspect': [ '1.13.4' ],
21 silly audit   'object-keys': [ '1.1.1' ],
21 silly audit   'object.assign': [ '4.1.7' ],
21 silly audit   'object.entries': [ '1.1.9' ],
21 silly audit   'object.fromentries': [ '2.0.8' ],
21 silly audit   'object.values': [ '1.2.1' ],
21 silly audit   'on-finished': [ '2.4.1' ],
21 silly audit   once: [ '1.4.0' ],
21 silly audit   onetime: [ '5.1.2' ],
21 silly audit   optionator: [ '0.9.4' ],
21 silly audit   'own-keys': [ '1.0.1' ],
21 silly audit   'p-limit': [ '3.1.0', '2.3.0' ],
21 silly audit   'p-try': [ '2.2.0' ],
21 silly audit   'parent-module': [ '1.0.1' ],
21 silly audit   'parse-json': [ '5.2.0' ],
21 silly audit   parse5: [ '5.1.1', '6.0.1' ],
21 silly audit   'parse5-htmlparser2-tree-adapter': [ '6.0.1' ],
21 silly audit   parseurl: [ '1.3.3' ],
21 silly audit   'path-exists': [ '4.0.0' ],
21 silly audit   'path-is-absolute': [ '1.0.1' ],
21 silly audit   'path-parse': [ '1.0.7' ],
21 silly audit   'path-to-regexp': [ '0.1.12' ],
21 silly audit   pg: [ '8.16.0' ],
21 silly audit   'pg-cloudflare': [ '1.2.5' ],
21 silly audit   'pg-connection-string': [ '2.9.0' ],
21 silly audit   'pg-int8': [ '1.0.1' ],
21 silly audit   'pg-pool': [ '3.10.0' ],
21 silly audit   'pg-protocol': [ '1.10.0' ],
21 silly audit   'pg-types': [ '2.2.0' ],
21 silly audit   pgpass: [ '1.0.5' ],
21 silly audit   picocolors: [ '1.1.1' ],
21 silly audit   pirates: [ '4.0.7' ],
21 silly audit   'pkg-dir': [ '4.2.0' ],
21 silly audit   'possible-typed-array-names': [ '1.1.0' ],
21 silly audit   'postgres-array': [ '2.0.0' ],
21 silly audit   'postgres-bytea': [ '1.0.0' ],
21 silly audit   'postgres-date': [ '1.0.7' ],
21 silly audit   'postgres-interval': [ '1.2.0' ],
21 silly audit   'prelude-ls': [ '1.2.1' ],
21 silly audit   prettier: [ '3.7.2' ],
21 silly audit   'prettier-linter-helpers': [ '1.0.0' ],
21 silly audit   process: [ '0.11.10' ],
21 silly audit   'process-nextick-args': [ '2.0.1' ],
21 silly audit   'prop-types': [ '15.8.1' ],
21 silly audit   'react-is': [ '16.13.1', '18.3.1' ],
21 silly audit   'proper-lockfile': [ '4.1.2' ],
21 silly audit   'properties-file': [ '3.6.1' ],
21 silly audit   'properties-reader': [ '2.3.0' ],
21 silly audit   protobufjs: [ '7.5.3' ],
21 silly audit   'proxy-addr': [ '2.0.7' ],
21 silly audit   'proxy-from-env': [ '1.1.0' ],
21 silly audit   'pstree.remy': [ '1.1.8' ],
21 silly audit   pump: [ '3.0.3' ],
21 silly audit   punycode: [ '2.3.1' ],
21 silly audit   'pure-rand': [ '7.0.1' ],
21 silly audit   qs: [ '6.13.0' ],
21 silly audit   'range-parser': [ '1.2.1' ],
21 silly audit   'raw-body': [ '2.5.2' ],
21 silly audit   'readdir-glob': [ '1.1.3' ],
21 silly audit   readdirp: [ '3.6.0' ],
21 silly audit   'reflect-metadata': [ '0.2.2' ],
21 silly audit   'reflect.getprototypeof': [ '1.0.10' ],
21 silly audit   regenerate: [ '1.4.2' ],
21 silly audit   'regenerate-unicode-properties': [ '10.2.0' ],
21 silly audit   'regenerator-runtime': [ '0.14.1' ],
21 silly audit   'regenerator-transform': [ '0.15.2' ],
21 silly audit   'regexp.prototype.flags': [ '1.5.4' ],
21 silly audit   'regexpu-core': [ '6.2.0' ],
21 silly audit   regjsgen: [ '0.8.0' ],
21 silly audit   regjsparser: [ '0.12.0' ],
21 silly audit   'require-directory': [ '2.1.1' ],
21 silly audit   'resolve-cwd': [ '3.0.0' ],
21 silly audit   'safe-array-concat': [ '1.1.3' ],
21 silly audit   'safe-push-apply': [ '1.0.0' ],
21 silly audit   'safe-regex-test': [ '1.1.0' ],
21 silly audit   send: [ '0.19.0' ],
21 silly audit   'serve-static': [ '1.16.2' ],
21 silly audit   'set-function-length': [ '1.2.2' ],
21 silly audit   'set-function-name': [ '2.0.2' ],
21 silly audit   'set-proto': [ '1.0.0' ],
21 silly audit   setprototypeof: [ '1.2.0' ],
21 silly audit   'sha.js': [ '2.4.11' ],
21 silly audit   'side-channel': [ '1.1.0' ],
21 silly audit   'side-channel-list': [ '1.0.0' ],
21 silly audit   'side-channel-map': [ '1.0.1' ],
21 silly audit   'side-channel-weakmap': [ '1.0.2' ],
21 silly audit   'simple-update-notifier': [ '2.0.0' ],
21 silly audit   slash: [ '3.0.0' ],
21 silly audit   slugify: [ '1.6.6' ],
21 silly audit   'sonarqube-scanner': [ '4.3.2' ],
21 silly audit   'source-map': [ '0.6.1' ],
21 silly audit   'source-map-support': [ '0.5.13' ],
21 silly audit   'split-ca': [ '1.0.1' ],
21 silly audit   split2: [ '4.2.0' ],
21 silly audit   sqlstring: [ '2.3.1' ],
21 silly audit   'ssh-remote-port-forward': [ '1.0.4' ],
21 silly audit   ssh2: [ '1.16.0' ],
21 silly audit   'stack-utils': [ '2.0.6' ],
21 silly audit   statuses: [ '2.0.1' ],
21 silly audit   'stop-iteration-iterator': [ '1.1.0' ],
21 silly audit   streamx: [ '2.22.1' ],
21 silly audit   'string-length': [ '4.0.2' ],
21 silly audit   'string.prototype.matchall': [ '4.0.12' ],
21 silly audit   'string.prototype.repeat': [ '1.0.0' ],
21 silly audit   'string.prototype.trim': [ '1.2.10' ],
21 silly audit   'string.prototype.trimend': [ '1.0.9' ],
21 silly audit   'string.prototype.trimstart': [ '1.0.8' ],
21 silly audit   'strip-bom': [ '4.0.0' ],
21 silly audit   'strip-final-newline': [ '2.0.0' ],
21 silly audit   'strip-json-comments': [ '3.1.1' ],
21 silly audit   superagent: [ '10.2.1' ],
21 silly audit   supertest: [ '7.1.1' ],
21 silly audit   'supports-preserve-symlinks-flag': [ '1.0.0' ],
21 silly audit   synckit: [ '0.11.8' ],
21 silly audit   'test-exclude': [ '6.0.0' ],
21 silly audit   testcontainers: [ '11.0.3' ],
21 silly audit   'text-decoder': [ '1.2.3' ],
21 silly audit   thenify: [ '3.3.1' ],
21 silly audit   'thenify-all': [ '1.6.0' ],
21 silly audit   tmp: [ '0.2.3' ],
21 silly audit   tmpl: [ '1.0.5' ],
21 silly audit   'to-regex-range': [ '5.0.1' ],
21 silly audit   toidentifier: [ '1.0.1' ],
21 silly audit   touch: [ '3.1.1' ],
21 silly audit   'ts-api-utils': [ '2.1.0' ],
21 silly audit   'ts-jest': [ '29.4.0' ],
21 silly audit   'type-fest': [ '4.41.0', '0.21.3' ],
21 silly audit   'ts-node': [ '10.9.2' ],
21 silly audit   tslib: [ '2.8.1' ],
21 silly audit   tweetnacl: [ '0.14.5' ],
21 silly audit   'type-check': [ '0.4.0' ],
21 silly audit   'type-detect': [ '4.0.8' ],
21 silly audit   'type-is': [ '1.6.18' ],
21 silly audit   'typed-array-buffer': [ '1.0.3' ],
21 silly audit   'typed-array-byte-length': [ '1.0.3' ],
21 silly audit   'typed-array-byte-offset': [ '1.0.4' ],
21 silly audit   'typed-array-length': [ '1.0.7' ],
21 silly audit   typeorm: [ '0.3.20' ],
21 silly audit   typescript: [ '5.7.3' ],
21 silly audit   'typescript-eslint': [ '8.48.0' ],
21 silly audit   'unbox-primitive': [ '1.1.0' ],
21 silly audit   undefsafe: [ '2.0.5' ],
21 silly audit   undici: [ '7.10.0' ],
21 silly audit   'unicode-canonical-property-names-ecmascript': [ '2.0.1' ],
21 silly audit   'unicode-match-property-ecmascript': [ '2.0.0' ],
21 silly audit   'unicode-match-property-value-ecmascript': [ '2.2.0' ],
21 silly audit   'unicode-property-aliases-ecmascript': [ '2.1.0' ],
21 silly audit   universalify: [ '2.0.1' ],
21 silly audit   unpipe: [ '1.0.0' ],
21 silly audit   'unrs-resolver': [ '1.9.0' ],
21 silly audit   'update-browserslist-db': [ '1.1.3' ],
21 silly audit   'uri-js': [ '4.4.1' ],
21 silly audit   'utils-merge': [ '1.0.1' ],
21 silly audit   'v8-compile-cache-lib': [ '3.0.1' ],
21 silly audit   'v8-to-istanbul': [ '9.3.0' ],
21 silly audit   vary: [ '1.1.2' ],
21 silly audit   'wait-port': [ '1.1.0' ],
21 silly audit   walker: [ '1.0.8' ],
21 silly audit   'which-boxed-primitive': [ '1.1.1' ],
21 silly audit   'which-builtin-type': [ '1.2.1' ],
21 silly audit   'which-collection': [ '1.0.2' ],
21 silly audit   'which-typed-array': [ '1.1.19' ],
21 silly audit   'word-wrap': [ '1.2.5' ],
21 silly audit   wrappy: [ '1.0.2' ],
21 silly audit   xtend: [ '4.0.2' ],
21 silly audit   y18n: [ '5.0.8' ],
21 silly audit   yaml: [ '2.8.0' ],
21 silly audit   yn: [ '3.1.1' ],
21 silly audit   'yocto-queue': [ '0.1.0' ],
21 silly audit   'zip-stream': [ '6.0.1' ],
21 silly audit   husky: [ '9.1.7' ],
21 silly audit   '@isaacs/fs-minipass': [ '4.0.1' ],
21 silly audit   '@isaacs/string-locale-compare': [ '1.1.0' ],
21 silly audit   '@npmcli/agent': [ '3.0.0' ],
21 silly audit   '@npmcli/arborist': [ '9.1.2' ],
21 silly audit   '@npmcli/config': [ '10.3.0' ],
21 silly audit   '@npmcli/fs': [ '4.0.0' ],
21 silly audit   '@npmcli/git': [ '6.0.3' ],
21 silly audit   '@npmcli/installed-package-contents': [ '3.0.0' ],
21 silly audit   '@npmcli/map-workspaces': [ '4.0.2' ],
21 silly audit   '@npmcli/metavuln-calculator': [ '9.0.0' ],
21 silly audit   '@npmcli/name-from-folder': [ '3.0.0' ],
21 silly audit   '@npmcli/node-gyp': [ '4.0.0' ],
21 silly audit   '@npmcli/package-json': [ '6.2.0' ],
21 silly audit   '@npmcli/promise-spawn': [ '8.0.2' ],
21 silly audit   '@npmcli/query': [ '4.0.1' ],
21 silly audit   '@npmcli/redact': [ '3.2.2' ],
21 silly audit   '@npmcli/run-script': [ '9.1.0' ],
21 silly audit   '@sigstore/bundle': [ '3.1.0' ],
21 silly audit   '@sigstore/core': [ '2.0.0' ],
21 silly audit   '@sigstore/protobuf-specs': [ '0.4.3' ],
21 silly audit   '@sigstore/sign': [ '3.1.0' ],
21 silly audit   '@sigstore/tuf': [ '3.1.1' ],
21 silly audit   '@sigstore/verify': [ '2.1.1' ],
21 silly audit   '@tufjs/canonical-json': [ '2.0.0' ],
21 silly audit   '@tufjs/models': [ '3.0.1' ],
21 silly audit   abbrev: [ '3.0.1' ],
21 silly audit   'agent-base': [ '7.1.3' ],
21 silly audit   aproba: [ '2.0.0' ],
21 silly audit   archy: [ '1.0.0' ],
21 silly audit   'bin-links': [ '5.0.0' ],
21 silly audit   cacache: [ '19.0.1' ],
21 silly audit   'cidr-regex': [ '4.1.3' ],
21 silly audit   'cli-columns': [ '4.0.0' ],
21 silly audit   'cmd-shim': [ '7.0.0' ],
21 silly audit   'common-ancestor-path': [ '1.0.1' ],
21 silly audit   cssesc: [ '3.0.0' ],
21 silly audit   encoding: [ '0.1.13' ],
21 silly audit   'env-paths': [ '2.2.1' ],
21 silly audit   'err-code': [ '2.0.3' ],
21 silly audit   'exponential-backoff': [ '3.1.2' ],
21 silly audit   'fastest-levenshtein': [ '1.0.16' ],
21 silly audit   'hosted-git-info': [ '8.1.0' ],
21 silly audit   'http-cache-semantics': [ '4.2.0' ],
21 silly audit   'http-proxy-agent': [ '7.0.2' ],
21 silly audit   'https-proxy-agent': [ '7.0.6' ],
21 silly audit   'ignore-walk': [ '7.0.0' ],
21 silly audit   ini: [ '5.0.0' ],
21 silly audit   'init-package-json': [ '8.2.1' ],
21 silly audit   'ip-address': [ '9.0.5' ],
21 silly audit   'ip-regex': [ '5.0.0' ],
21 silly audit   'is-cidr': [ '5.1.1' ],
21 silly audit   jsbn: [ '1.1.0' ],
21 silly audit   'json-stringify-nice': [ '1.1.4' ],
21 silly audit   jsonparse: [ '1.3.1' ],
21 silly audit   'just-diff': [ '6.0.2' ],
21 silly audit   'just-diff-apply': [ '5.5.0' ],
21 silly audit   libnpmaccess: [ '10.0.1' ],
21 silly audit   libnpmdiff: [ '8.0.5' ],
21 silly audit   libnpmexec: [ '10.1.4' ],
21 silly audit   libnpmfund: [ '7.0.5' ],
21 silly audit   libnpmorg: [ '8.0.0' ],
21 silly audit   libnpmpack: [ '9.0.5' ],
21 silly audit   libnpmpublish: [ '11.0.1' ],
21 silly audit   libnpmsearch: [ '9.0.0' ],
21 silly audit   libnpmteam: [ '8.0.1' ],
21 silly audit   libnpmversion: [ '8.0.1' ],
21 silly audit   'make-fetch-happen': [ '14.0.3' ],
21 silly audit   'minipass-collect': [ '2.0.1' ],
21 silly audit   'minipass-fetch': [ '4.0.1' ],
21 silly audit   'minipass-flush': [ '1.0.5' ],
21 silly audit   'minipass-pipeline': [ '1.2.4' ],
21 silly audit   'minipass-sized': [ '1.0.3' ],
21 silly audit   'mute-stream': [ '2.0.0' ],
21 silly audit   'node-gyp': [ '11.2.0' ],
21 silly audit   nopt: [ '8.1.0' ],
21 silly audit   'normalize-package-data': [ '7.0.0' ],
21 silly audit   'npm-audit-report': [ '6.0.0' ],
21 silly audit   'npm-bundled': [ '4.0.0' ],
21 silly audit   'npm-install-checks': [ '7.1.1' ],
21 silly audit   'npm-normalize-package-bin': [ '4.0.0' ],
21 silly audit   'npm-package-arg': [ '12.0.2' ],
21 silly audit   'npm-packlist': [ '10.0.0' ],
21 silly audit   'npm-pick-manifest': [ '10.0.0' ],
21 silly audit   'npm-profile': [ '11.0.1' ],
21 silly audit   'npm-registry-fetch': [ '18.0.2' ],
21 silly audit   'npm-user-validate': [ '3.0.0' ],
21 silly audit   'p-map': [ '7.0.3' ],
21 silly audit   pacote: [ '21.0.0' ],
21 silly audit   'parse-conflict-json': [ '4.0.0' ],
21 silly audit   'postcss-selector-parser': [ '7.1.0' ],
21 silly audit   'proc-log': [ '5.0.0' ],
21 silly audit   proggy: [ '3.0.0' ],
21 silly audit   'promise-all-reject-late': [ '1.0.1' ],
21 silly audit   'promise-call-limit': [ '3.0.2' ],
21 silly audit   'promise-retry': [ '2.0.1' ],
21 silly audit   promzard: [ '2.0.0' ],
21 silly audit   'qrcode-terminal': [ '0.12.0' ],
21 silly audit   read: [ '4.1.0' ],
21 silly audit   'read-cmd-shim': [ '5.0.0' ],
21 silly audit   'read-package-json-fast': [ '4.0.0' ],
21 silly audit   sigstore: [ '3.1.0' ],
21 silly audit   'smart-buffer': [ '4.2.0' ],
21 silly audit   socks: [ '2.8.5' ],
21 silly audit   'socks-proxy-agent': [ '8.0.5' ],
21 silly audit   'spdx-correct': [ '3.2.0' ],
21 silly audit   'spdx-exceptions': [ '2.5.0' ],
21 silly audit   'spdx-license-ids': [ '3.0.21' ],
21 silly audit   ssri: [ '12.0.0' ],
21 silly audit   'text-table': [ '0.2.0' ],
21 silly audit   'tiny-relative-date': [ '1.3.0' ],
21 silly audit   treeverse: [ '3.0.0' ],
21 silly audit   'tuf-js': [ '3.0.1' ],
21 silly audit   'unique-filename': [ '4.0.0' ],
21 silly audit   'unique-slug': [ '5.0.0' ],
21 silly audit   'validate-npm-package-license': [ '3.0.4' ],
21 silly audit   'validate-npm-package-name': [ '6.0.1' ],
21 silly audit   'walk-up-path': [ '4.0.0' ]
21 silly audit }
22 http cache cpu-features@https://registry.npmjs.org/cpu-features/-/cpu-features-0.0.10.tgz 1ms (cache hit)
23 http cache husky@https://registry.npmjs.org/husky/-/husky-9.1.7.tgz 0ms (cache hit)
24 http cache buildcheck@https://registry.npmjs.org/buildcheck/-/buildcheck-0.0.6.tgz 0ms (cache hit)
25 silly tarball no local data for husky@https://registry.npmjs.org/husky/-/husky-9.1.7.tgz. Extracting by manifest.
26 http fetch POST 200 https://registry.npmjs.org/-/npm/v1/security/advisories/bulk 641ms
27 silly audit report {
27 silly audit report   'brace-expansion': [
27 silly audit report     {
27 silly audit report       id: 1105443,
27 silly audit report       url: 'https://github.com/advisories/GHSA-v6h2-p8h4-qcjw',
27 silly audit report       title: 'brace-expansion Regular Expression Denial of Service vulnerability',
27 silly audit report       severity: 'low',
27 silly audit report       vulnerable_versions: '>=1.0.0 <=1.1.11',
27 silly audit report       cwe: [Array],
27 silly audit report       cvss: [Object]
27 silly audit report     },
27 silly audit report     {
27 silly audit report       id: 1105444,
27 silly audit report       url: 'https://github.com/advisories/GHSA-v6h2-p8h4-qcjw',
27 silly audit report       title: 'brace-expansion Regular Expression Denial of Service vulnerability',
27 silly audit report       severity: 'low',
27 silly audit report       vulnerable_versions: '>=2.0.0 <=2.0.1',
27 silly audit report       cwe: [Array],
27 silly audit report       cvss: [Object]
27 silly audit report     },
27 silly audit report     {
27 silly audit report       id: 1115540,
27 silly audit report       url: 'https://github.com/advisories/GHSA-f886-m6hf-6m8v',
27 silly audit report       title: 'brace-expansion: Zero-step sequence causes process hang and memory exhaustion',
27 silly audit report       severity: 'moderate',
27 silly audit report       vulnerable_versions: '<1.1.13',
27 silly audit report       cwe: [Array],
27 silly audit report       cvss: [Object]
27 silly audit report     },
27 silly audit report     {
27 silly audit report       id: 1115541,
27 silly audit report       url: 'https://github.com/advisories/GHSA-f886-m6hf-6m8v',
27 silly audit report       title: 'brace-expansion: Zero-step sequence causes process hang and memory exhaustion',
27 silly audit report       severity: 'moderate',
27 silly audit report       vulnerable_versions: '>=2.0.0 <2.0.3',
27 silly audit report       cwe: [Array],
27 silly audit report       cvss: [Object]
27 silly audit report     }
27 silly audit report   ],
27 silly audit report   minimatch: [
27 silly audit report     {
27 silly audit report       id: 1113459,
27 silly audit report       url: 'https://github.com/advisories/GHSA-3ppc-4f35-3m26',
27 silly audit report       title: 'minimatch has a ReDoS via repeated wildcards with non-matching literal in pattern',
27 silly audit report       severity: 'high',
27 silly audit report       vulnerable_versions: '<3.1.3',
27 silly audit report       cwe: [Array],
27 silly audit report       cvss: [Object]
27 silly audit report     },
27 silly audit report     {
27 silly audit report       id: 1113461,
27 silly audit report       url: 'https://github.com/advisories/GHSA-3ppc-4f35-3m26',
27 silly audit report       title: 'minimatch has a ReDoS via repeated wildcards with non-matching literal in pattern',
27 silly audit report       severity: 'high',
27 silly audit report       vulnerable_versions: '>=5.0.0 <5.1.7',
27 silly audit report       cwe: [Array],
27 silly audit report       cvss: [Object]
27 silly audit report     },
27 silly audit report     {
27 silly audit report       id: 1113465,
27 silly audit report       url: 'https://github.com/advisories/GHSA-3ppc-4f35-3m26',
27 silly audit report       title: 'minimatch has a ReDoS via repeated wildcards with non-matching literal in pattern',
27 silly audit report       severity: 'high',
27 silly audit report       vulnerable_versions: '>=9.0.0 <9.0.6',
27 silly audit report       cwe: [Array],
27 silly audit report       cvss: [Object]
27 silly audit report     },
27 silly audit report     {
27 silly audit report       id: 1113538,
27 silly audit report       url: 'https://github.com/advisories/GHSA-7r86-cg39-jmmj',
27 silly audit report       title: 'minimatch has ReDoS: matchOne() combinatorial backtracking via multiple non-adjacent GLOBSTAR segments',
27 silly audit report       severity: 'high',
27 silly audit report       vulnerable_versions: '<3.1.3',
27 silly audit report       cwe: [Array],
27 silly audit report       cvss: [Object]
27 silly audit report     },
27 silly audit report     {
27 silly audit report       id: 1113540,
27 silly audit report       url: 'https://github.com/advisories/GHSA-7r86-cg39-jmmj',
27 silly audit report       title: 'minimatch has ReDoS: matchOne() combinatorial backtracking via multiple non-adjacent GLOBSTAR segments',
27 silly audit report       severity: 'high',
27 silly audit report       vulnerable_versions: '>=5.0.0 <5.1.8',
27 silly audit report       cwe: [Array],
27 silly audit report       cvss: [Object]
27 silly audit report     },
27 silly audit report     {
27 silly audit report       id: 1113544,
27 silly audit report       url: 'https://github.com/advisories/GHSA-7r86-cg39-jmmj',
27 silly audit report       title: 'minimatch has ReDoS: matchOne() combinatorial backtracking via multiple non-adjacent GLOBSTAR segments',
27 silly audit report       severity: 'high',
27 silly audit report       vulnerable_versions: '>=9.0.0 <9.0.7',
27 silly audit report       cwe: [Array],
27 silly audit report       cvss: [Object]
27 silly audit report     },
27 silly audit report     {
27 silly audit report       id: 1113546,
27 silly audit report       url: 'https://github.com/advisories/GHSA-23c5-xmqv-rm74',
27 silly audit report       title: 'minimatch ReDoS: nested *() extglobs generate catastrophically backtracking regular expressions',
27 silly audit report       severity: 'high',
27 silly audit report       vulnerable_versions: '<3.1.4',
27 silly audit report       cwe: [Array],
27 silly audit report       cvss: [Object]
27 silly audit report     },
27 silly audit report     {
27 silly audit report       id: 1113548,
27 silly audit report       url: 'https://github.com/advisories/GHSA-23c5-xmqv-rm74',
27 silly audit report       title: 'minimatch ReDoS: nested *() extglobs generate catastrophically backtracking regular expressions',
27 silly audit report       severity: 'high',
27 silly audit report       vulnerable_versions: '>=5.0.0 <5.1.8',
27 silly audit report       cwe: [Array],
27 silly audit report       cvss: [Object]
27 silly audit report     },
27 silly audit report     {
27 silly audit report       id: 1113552,
27 silly audit report       url: 'https://github.com/advisories/GHSA-23c5-xmqv-rm74',
27 silly audit report       title: 'minimatch ReDoS: nested *() extglobs generate catastrophically backtracking regular expressions',
27 silly audit report       severity: 'high',
27 silly audit report       vulnerable_versions: '>=9.0.0 <9.0.7',
27 silly audit report       cwe: [Array],
27 silly audit report       cvss: [Object]
27 silly audit report     }
27 silly audit report   ],
27 silly audit report   'js-yaml': [
27 silly audit report     {
27 silly audit report       id: 1112714,
27 silly audit report       url: 'https://github.com/advisories/GHSA-mh29-5h37-fv8m',
27 silly audit report       title: 'js-yaml has prototype pollution in merge (<<)',
27 silly audit report       severity: 'moderate',
27 silly audit report       vulnerable_versions: '<3.14.2',
27 silly audit report       cwe: [Array],
27 silly audit report       cvss: [Object]
27 silly audit report     }
27 silly audit report   ],
27 silly audit report   picomatch: [
27 silly audit report     {
27 silly audit report       id: 1115549,
27 silly audit report       url: 'https://github.com/advisories/GHSA-3v7f-55p6-f55p',
27 silly audit report       title: 'Picomatch: Method Injection in POSIX Character Classes causes incorrect Glob Matching',
27 silly audit report       severity: 'moderate',
27 silly audit report       vulnerable_versions: '<2.3.2',
27 silly audit report       cwe: [Array],
27 silly audit report       cvss: [Object]
27 silly audit report     },
27 silly audit report     {
27 silly audit report       id: 1115551,
27 silly audit report       url: 'https://github.com/advisories/GHSA-3v7f-55p6-f55p',
27 silly audit report       title: 'Picomatch: Method Injection in POSIX Character Classes causes incorrect Glob Matching',
27 silly audit report       severity: 'moderate',
27 silly audit report       vulnerable_versions: '>=4.0.0 <4.0.4',
27 silly audit report       cwe: [Array],
27 silly audit report       cvss: [Object]
27 silly audit report     },
27 silly audit report     {
27 silly audit report       id: 1115552,
27 silly audit report       url: 'https://github.com/advisories/GHSA-c2c7-rcm5-vvqj',
27 silly audit report       title: 'Picomatch has a ReDoS vulnerability via extglob quantifiers',
27 silly audit report       severity: 'high',
27 silly audit report       vulnerable_versions: '<2.3.2',
27 silly audit report       cwe: [Array],
27 silly audit report       cvss: [Object]
27 silly audit report     },
27 silly audit report     {
27 silly audit report       id: 1115554,
27 silly audit report       url: 'https://github.com/advisories/GHSA-c2c7-rcm5-vvqj',
27 silly audit report       title: 'Picomatch has a ReDoS vulnerability via extglob quantifiers',
27 silly audit report       severity: 'high',
27 silly audit report       vulnerable_versions: '>=4.0.0 <4.0.4',
27 silly audit report       cwe: [Array],
27 silly audit report       cvss: [Object]
27 silly audit report     }
27 silly audit report   ],
27 silly audit report   ajv: [
27 silly audit report     {
27 silly audit report       id: 1113714,
27 silly audit report       url: 'https://github.com/advisories/GHSA-2g4f-4pwh-qvx6',
27 silly audit report       title: 'ajv has ReDoS when using `$data` option',
27 silly audit report       severity: 'moderate',
27 silly audit report       vulnerable_versions: '<6.14.0',
27 silly audit report       cwe: [Array],
27 silly audit report       cvss: [Object]
27 silly audit report     }
27 silly audit report   ],
27 silly audit report   axios: [
27 silly audit report     {
27 silly audit report       id: 1113275,
27 silly audit report       url: 'https://github.com/advisories/GHSA-43fc-jf86-j433',
27 silly audit report       title: 'Axios is Vulnerable to Denial of Service via __proto__ Key in mergeConfig',
27 silly audit report       severity: 'high',
27 silly audit report       vulnerable_versions: '>=1.0.0 <=1.13.4',
27 silly audit report       cwe: [Array],
27 silly audit report       cvss: [Object]
27 silly audit report     },
27 silly audit report     {
27 silly audit report       id: 1116606,
27 silly audit report       url: 'https://github.com/advisories/GHSA-fvcv-3m26-pcqx',
27 silly audit report       title: 'Axios has Unrestricted Cloud Metadata Exfiltration via Header Injection Chain',
27 silly audit report       severity: 'critical',
27 silly audit report       vulnerable_versions: '>=1.0.0 <1.15.0',
27 silly audit report       cwe: [Array],
27 silly audit report       cvss: [Object]
27 silly audit report     },
27 silly audit report     {
27 silly audit report       id: 1116646,
27 silly audit report       url: 'https://github.com/advisories/GHSA-3p68-rc4w-qgx5',
27 silly audit report       title: 'Axios has a NO_PROXY Hostname Normalization Bypass Leads to SSRF',
27 silly audit report       severity: 'critical',
27 silly audit report       vulnerable_versions: '>=1.0.0 <1.15.0',
27 silly audit report       cwe: [Array],
27 silly audit report       cvss: [Object]
27 silly audit report     }
27 silly audit report   ],
27 silly audit report   diff: [
27 silly audit report     {
27 silly audit report       id: 1112704,
27 silly audit report       url: 'https://github.com/advisories/GHSA-73rr-hh4g-fpgx',
27 silly audit report       title: 'jsdiff has a Denial of Service vulnerability in parsePatch and applyPatch',
27 silly audit report       severity: 'low',
27 silly audit report       vulnerable_versions: '>=4.0.0 <4.0.4',
27 silly audit report       cwe: [Array],
27 silly audit report       cvss: [Object]
27 silly audit report     },
27 silly audit report     {
27 silly audit report       id: 1112706,
27 silly audit report       url: 'https://github.com/advisories/GHSA-73rr-hh4g-fpgx',
27 silly audit report       title: 'jsdiff has a Denial of Service vulnerability in parsePatch and applyPatch',
27 silly audit report       severity: 'low',
27 silly audit report       vulnerable_versions: '>=6.0.0 <8.0.3',
27 silly audit report       cwe: [Array],
27 silly audit report       cvss: [Object]
27 silly audit report     }
27 silly audit report   ],
27 silly audit report   'tar-fs': [
27 silly audit report     {
27 silly audit report       id: 1109532,
27 silly audit report       url: 'https://github.com/advisories/GHSA-vj76-c3g6-qr5v',
27 silly audit report       title: 'tar-fs has a symlink validation bypass if destination directory is predictable with a specific tarball',
27 silly audit report       severity: 'high',
27 silly audit report       vulnerable_versions: '>=2.0.0 <2.1.4',
27 silly audit report       cwe: [Array],
27 silly audit report       cvss: [Object]
27 silly audit report     },
27 silly audit report     {
27 silly audit report       id: 1109534,
27 silly audit report       url: 'https://github.com/advisories/GHSA-vj76-c3g6-qr5v',
27 silly audit report       title: 'tar-fs has a symlink validation bypass if destination directory is predictable with a specific tarball',
27 silly audit report       severity: 'high',
27 silly audit report       vulnerable_versions: '>=3.0.0 <3.1.1',
27 silly audit report       cwe: [Array],
27 silly audit report       cvss: [Object]
27 silly audit report     }
27 silly audit report   ],
27 silly audit report   flatted: [
27 silly audit report     {
27 silly audit report       id: 1114526,
27 silly audit report       url: 'https://github.com/advisories/GHSA-25h7-pfq9-p65f',
27 silly audit report       title: 'flatted vulnerable to unbounded recursion DoS in parse() revive phase',
27 silly audit report       severity: 'high',
27 silly audit report       vulnerable_versions: '<3.4.0',
27 silly audit report       cwe: [Array],
27 silly audit report       cvss: [Object]
27 silly audit report     },
27 silly audit report     {
27 silly audit report       id: 1115357,
27 silly audit report       url: 'https://github.com/advisories/GHSA-rf6f-7fwh-wjgh',
27 silly audit report       title: 'Prototype Pollution via parse() in NodeJS flatted',
27 silly audit report       severity: 'high',
27 silly audit report       vulnerable_versions: '<=3.4.1',
27 silly audit report       cwe: [Array],
27 silly audit report       cvss: [Object]
27 silly audit report     }
27 silly audit report   ],
27 silly audit report   'follow-redirects': [
27 silly audit report     {
27 silly audit report       id: 1116560,
27 silly audit report       url: 'https://github.com/advisories/GHSA-r4q5-vmmm-2653',
27 silly audit report       title: 'follow-redirects leaks Custom Authentication Headers to Cross-Domain Redirect Targets',
27 silly audit report       severity: 'moderate',
27 silly audit report       vulnerable_versions: '<=1.15.11',
27 silly audit report       cwe: [Array],
27 silly audit report       cvss: [Object]
27 silly audit report     }
27 silly audit report   ],
27 silly audit report   glob: [
27 silly audit report     {
27 silly audit report       id: 1109842,
27 silly audit report       url: 'https://github.com/advisories/GHSA-5j98-mcp5-4vw2',
27 silly audit report       title: 'glob CLI: Command injection via -c/--cmd executes matches with shell:true',
27 silly audit report       severity: 'high',
27 silly audit report       vulnerable_versions: '>=10.2.0 <10.5.0',
27 silly audit report       cwe: [Array],
27 silly audit report       cvss: [Object]
27 silly audit report     }
27 silly audit report   ],
27 silly audit report   lodash: [
27 silly audit report     {
27 silly audit report       id: 1112455,
27 silly audit report       url: 'https://github.com/advisories/GHSA-xxjr-mmjv-4gpg',
27 silly audit report       title: 'Lodash has Prototype Pollution Vulnerability in `_.unset` and `_.omit` functions',
27 silly audit report       severity: 'moderate',
27 silly audit report       vulnerable_versions: '>=4.0.0 <=4.17.22',
27 silly audit report       cwe: [Array],
27 silly audit report       cvss: [Object]
27 silly audit report     },
27 silly audit report     {
27 silly audit report       id: 1115806,
27 silly audit report       url: 'https://github.com/advisories/GHSA-r5fr-rjxr-66jc',
27 silly audit report       title: 'lodash vulnerable to Code Injection via `_.template` imports key names',
27 silly audit report       severity: 'high',
27 silly audit report       vulnerable_versions: '>=4.0.0 <=4.17.23',
27 silly audit report       cwe: [Array],
27 silly audit report       cvss: [Object]
27 silly audit report     },
27 silly audit report     {
27 silly audit report       id: 1115810,
27 silly audit report       url: 'https://github.com/advisories/GHSA-f23m-r3pf-42rh',
27 silly audit report       title: 'lodash vulnerable to Prototype Pollution via array path bypass in `_.unset` and `_.omit`',
27 silly audit report       severity: 'moderate',
27 silly audit report       vulnerable_versions: '<=4.17.23',
27 silly audit report       cwe: [Array],
27 silly audit report       cvss: [Object]
27 silly audit report     }
27 silly audit report   ],
27 silly audit report   'node-forge': [
27 silly audit report     {
27 silly audit report       id: 1110996,
27 silly audit report       url: 'https://github.com/advisories/GHSA-554w-wpv2-vw27',
27 silly audit report       title: 'node-forge has ASN.1 Unbounded Recursion',
27 silly audit report       severity: 'high',
27 silly audit report       vulnerable_versions: '<1.3.2',
27 silly audit report       cwe: [Array],
27 silly audit report       cvss: [Object]
27 silly audit report     },
27 silly audit report     {
27 silly audit report       id: 1110998,
27 silly audit report       url: 'https://github.com/advisories/GHSA-5gfm-wpxj-wjgq',
27 silly audit report       title: 'node-forge has an Interpretation Conflict vulnerability via its ASN.1 Validator Desynchronization',
27 silly audit report       severity: 'high',
27 silly audit report       vulnerable_versions: '<1.3.2',
27 silly audit report       cwe: [Array],
27 silly audit report       cvss: [Object]
27 silly audit report     },
27 silly audit report     {
27 silly audit report       id: 1111068,
27 silly audit report       url: 'https://github.com/advisories/GHSA-65ch-62r8-g69g',
27 silly audit report       title: 'node-forge is vulnerable to ASN.1 OID Integer Truncation',
27 silly audit report       severity: 'moderate',
27 silly audit report       vulnerable_versions: '<1.3.2',
27 silly audit report       cwe: [Array],
27 silly audit report       cvss: [Object]
27 silly audit report     },
27 silly audit report     {
27 silly audit report       id: 1115545,
27 silly audit report       url: 'https://github.com/advisories/GHSA-2328-f5f3-gj25',
27 silly audit report       title: 'Forge has a basicConstraints bypass in its certificate chain verification (RFC 5280 violation)',
27 silly audit report       severity: 'high',
27 silly audit report       vulnerable_versions: '<=1.3.3',
27 silly audit report       cwe: [Array],
27 silly audit report       cvss: [Object]
27 silly audit report     },
27 silly audit report     {
27 silly audit report       id: 1115546,
27 silly audit report       url: 'https://github.com/advisories/GHSA-q67f-28xg-22rw',
27 silly audit report       title: 'Forge has signature forgery in Ed25519 due to missing S > L check',
27 silly audit report       severity: 'high',
27 silly audit report       vulnerable_versions: '<1.4.0',
27 silly audit report       cwe: [Array],
27 silly audit report       cvss: [Object]
27 silly audit report     },
27 silly audit report     {
27 silly audit report       id: 1115548,
27 silly audit report       url: 'https://github.com/advisories/GHSA-5m6q-g25r-mvwx',
27 silly audit report       title: 'Forge has Denial of Service via Infinite Loop in BigInteger.modInverse() with Zero Input',
27 silly audit report       severity: 'high',
27 silly audit report       vulnerable_versions: '<1.4.0',
27 silly audit report       cwe: [Array],
27 silly audit report       cvss: [Object]
27 silly audit report     },
27 silly audit report     {
27 silly audit report       id: 1115612,
27 silly audit report       url: 'https://github.com/advisories/GHSA-ppp5-5v6c-4jwp',
27 silly audit report       title: 'Forge has signature forgery in RSA-PKCS due to ASN.1 extra field  ',
27 silly audit report       severity: 'high',
27 silly audit report       vulnerable_versions: '<1.4.0',
27 silly audit report       cwe: [Array],
27 silly audit report       cvss: [Object]
27 silly audit report     }
27 silly audit report   ],
27 silly audit report   tar: [
27 silly audit report     {
27 silly audit report       id: 1112659,
27 silly audit report       url: 'https://github.com/advisories/GHSA-34x7-hfp2-rc4v',
27 silly audit report       title: 'node-tar Vulnerable to Arbitrary File Creation/Overwrite via Hardlink Path Traversal',
27 silly audit report       severity: 'high',
27 silly audit report       vulnerable_versions: '<7.5.7',
27 silly audit report       cwe: [Array],
27 silly audit report       cvss: [Object]
27 silly audit report     },
27 silly audit report     {
27 silly audit report       id: 1113300,
27 silly audit report       url: 'https://github.com/advisories/GHSA-8qq5-rm4j-mr97',
27 silly audit report       title: 'node-tar is Vulnerable to Arbitrary File Overwrite and Symlink Poisoning via Insufficient Path Sanitization',
27 silly audit report       severity: 'high',
27 silly audit report       vulnerable_versions: '<=7.5.2',
27 silly audit report       cwe: [Array],
27 silly audit report       cvss: [Object]
27 silly audit report     },
27 silly audit report     {
27 silly audit report       id: 1113375,
27 silly audit report       url: 'https://github.com/advisories/GHSA-83g3-92jg-28cx',
27 silly audit report       title: 'Arbitrary File Read/Write via Hardlink Target Escape Through Symlink Chain in node-tar Extraction',
27 silly audit report       severity: 'high',
27 silly audit report       vulnerable_versions: '<7.5.8',
27 silly audit report       cwe: [Array],
27 silly audit report       cvss: [Object]
27 silly audit report     },
27 silly audit report     {
27 silly audit report       id: 1114200,
27 silly audit report       url: 'https://github.com/advisories/GHSA-qffp-2rhf-9h96',
27 silly audit report       title: 'tar has Hardlink Path Traversal via Drive-Relative Linkpath',
27 silly audit report       severity: 'high',
27 silly audit report       vulnerable_versions: '<=7.5.9',
27 silly audit report       cwe: [Array],
27 silly audit report       cvss: [Object]
27 silly audit report     },
27 silly audit report     {
27 silly audit report       id: 1114302,
27 silly audit report       url: 'https://github.com/advisories/GHSA-9ppj-qmqm-q256',
27 silly audit report       title: 'node-tar Symlink Path Traversal via Drive-Relative Linkpath',
27 silly audit report       severity: 'high',
27 silly audit report       vulnerable_versions: '<=7.5.10',
27 silly audit report       cwe: [Array],
27 silly audit report       cvss: [Object]
27 silly audit report     },
27 silly audit report     {
27 silly audit report       id: 1114680,
27 silly audit report       url: 'https://github.com/advisories/GHSA-r6q2-hw4h-h46w',
27 silly audit report       title: 'Race Condition in node-tar Path Reservations via Unicode Ligature Collisions on macOS APFS',
27 silly audit report       severity: 'high',
27 silly audit report       vulnerable_versions: '<=7.5.3',
27 silly audit report       cwe: [Array],
27 silly audit report       cvss: [Object]
27 silly audit report     }
27 silly audit report   ],
27 silly audit report   'path-to-regexp': [
27 silly audit report     {
27 silly audit report       id: 1115527,
27 silly audit report       url: 'https://github.com/advisories/GHSA-37ch-88jc-xwx2',
27 silly audit report       title: 'path-to-regexp vulnerable to Regular Expression Denial of Service via multiple route parameters',
27 silly audit report       severity: 'high',
27 silly audit report       vulnerable_versions: '<0.1.13',
27 silly audit report       cwe: [Array],
27 silly audit report       cvss: [Object]
27 silly audit report     }
27 silly audit report   ],
27 silly audit report   qs: [
27 silly audit report     {
27 silly audit report       id: 1113161,
27 silly audit report       url: 'https://github.com/advisories/GHSA-w7fw-mjwx-w883',
27 silly audit report       title: "qs's arrayLimit bypass in comma parsing allows denial of service",
27 silly audit report       severity: 'low',
27 silly audit report       vulnerable_versions: '>=6.7.0 <=6.14.1',
27 silly audit report       cwe: [Array],
27 silly audit report       cvss: [Object]
27 silly audit report     },
27 silly audit report     {
27 silly audit report       id: 1113719,
27 silly audit report       url: 'https://github.com/advisories/GHSA-6rw7-vpxm-498p',
27 silly audit report       title: "qs's arrayLimit bypass in its bracket notation allows DoS via memory exhaustion",
27 silly audit report       severity: 'moderate',
27 silly audit report       vulnerable_versions: '<6.14.1',
27 silly audit report       cwe: [Array],
27 silly audit report       cvss: [Object]
27 silly audit report     }
27 silly audit report   ],
27 silly audit report   'sha.js': [
27 silly audit report     {
27 silly audit report       id: 1109535,
27 silly audit report       url: 'https://github.com/advisories/GHSA-95m3-7q98-8xr5',
27 silly audit report       title: 'sha.js is missing type checks leading to hash rewind and passing on crafted data',
27 silly audit report       severity: 'critical',
27 silly audit report       vulnerable_versions: '<=2.4.11',
27 silly audit report       cwe: [Array],
27 silly audit report       cvss: [Object]
27 silly audit report     }
27 silly audit report   ],
27 silly audit report   tmp: [
27 silly audit report     {
27 silly audit report       id: 1109537,
27 silly audit report       url: 'https://github.com/advisories/GHSA-52f5-9888-hmc6',
27 silly audit report       title: 'tmp allows arbitrary temporary file / directory write via symbolic link `dir` parameter',
27 silly audit report       severity: 'low',
27 silly audit report       vulnerable_versions: '<=0.2.3',
27 silly audit report       cwe: [Array],
27 silly audit report       cvss: [Object]
27 silly audit report     }
27 silly audit report   ],
27 silly audit report   typeorm: [
27 silly audit report     {
27 silly audit report       id: 1109512,
27 silly audit report       url: 'https://github.com/advisories/GHSA-q2pj-6v73-8rgj',
27 silly audit report       title: 'TypeORM vulnerable to SQL injection via crafted request to repository.save or repository.update',
27 silly audit report       severity: 'high',
27 silly audit report       vulnerable_versions: '<0.3.26',
27 silly audit report       cwe: [Array],
27 silly audit report       cvss: [Object]
27 silly audit report     }
27 silly audit report   ],
27 silly audit report   undici: [
27 silly audit report     {
27 silly audit report       id: 1112497,
27 silly audit report       url: 'https://github.com/advisories/GHSA-g9mf-h72j-4rw9',
27 silly audit report       title: 'Undici has an unbounded decompression chain in HTTP responses on Node.js Fetch API via Content-Encoding leads to resource exhaustion',
27 silly audit report       severity: 'moderate',
27 silly audit report       vulnerable_versions: '>=7.0.0 <7.18.2',
27 silly audit report       cwe: [Array],
27 silly audit report       cvss: [Object]
27 silly audit report     },
27 silly audit report     {
27 silly audit report       id: 1114591,
27 silly audit report       url: 'https://github.com/advisories/GHSA-f269-vfmq-vjvj',
27 silly audit report       title: 'Undici: Malicious WebSocket 64-bit length overflows parser and crashes the client',
27 silly audit report       severity: 'high',
27 silly audit report       vulnerable_versions: '>=7.0.0 <7.24.0',
27 silly audit report       cwe: [Array],
27 silly audit report       cvss: [Object]
27 silly audit report     },
27 silly audit report     {
27 silly audit report       id: 1114593,
27 silly audit report       url: 'https://github.com/advisories/GHSA-2mjp-6q6p-2qxm',
27 silly audit report       title: 'Undici has an HTTP Request/Response Smuggling issue',
27 silly audit report       severity: 'moderate',
27 silly audit report       vulnerable_versions: '>=7.0.0 <7.24.0',
27 silly audit report       cwe: [Array],
27 silly audit report       cvss: [Object]
27 silly audit report     },
27 silly audit report     {
27 silly audit report       id: 1114637,
27 silly audit report       url: 'https://github.com/advisories/GHSA-vrm6-8vpv-qv8q',
27 silly audit report       title: 'Undici has Unbounded Memory Consumption in WebSocket permessage-deflate Decompression',
27 silly audit report       severity: 'high',
27 silly audit report       vulnerable_versions: '>=7.0.0 <7.24.0',
27 silly audit report       cwe: [Array],
27 silly audit report       cvss: [Object]
27 silly audit report     },
27 silly audit report     {
27 silly audit report       id: 1114639,
27 silly audit report       url: 'https://github.com/advisories/GHSA-v9p9-hfj2-hcw8',
27 silly audit report       title: 'Undici has Unhandled Exception in WebSocket Client Due to Invalid server_max_window_bits Validation',
27 silly audit report       severity: 'high',
27 silly audit report       vulnerable_versions: '>=7.0.0 <7.24.0',
27 silly audit report       cwe: [Array],
27 silly audit report       cvss: [Object]
27 silly audit report     },
27 silly audit report     {
27 silly audit report       id: 1114641,
27 silly audit report       url: 'https://github.com/advisories/GHSA-4992-7rv2-5pvq',
27 silly audit report       title: 'Undici has CRLF Injection in undici via `upgrade` option',
27 silly audit report       severity: 'moderate',
27 silly audit report       vulnerable_versions: '>=7.0.0 <7.24.0',
27 silly audit report       cwe: [Array],
27 silly audit report       cvss: [Object]
27 silly audit report     }
27 silly audit report   ],
27 silly audit report   yaml: [
27 silly audit report     {
27 silly audit report       id: 1115556,
27 silly audit report       url: 'https://github.com/advisories/GHSA-48c2-rrv3-qjmp',
27 silly audit report       title: 'yaml is vulnerable to Stack Overflow via deeply nested YAML collections',
27 silly audit report       severity: 'moderate',
27 silly audit report       vulnerable_versions: '>=2.0.0 <2.8.3',
27 silly audit report       cwe: [Array],
27 silly audit report       cvss: [Object]
27 silly audit report     }
27 silly audit report   ]
27 silly audit report }
28 silly packumentCache corgi:https://registry.npmjs.org/brace-expansion cache-miss
29 silly packumentCache corgi:https://registry.npmjs.org/minimatch cache-miss
30 silly packumentCache corgi:https://registry.npmjs.org/js-yaml cache-miss
31 silly packumentCache corgi:https://registry.npmjs.org/picomatch cache-miss
32 silly packumentCache corgi:https://registry.npmjs.org/ajv cache-miss
33 silly packumentCache corgi:https://registry.npmjs.org/axios cache-miss
34 silly packumentCache corgi:https://registry.npmjs.org/diff cache-miss
35 silly packumentCache corgi:https://registry.npmjs.org/tar-fs cache-miss
36 silly packumentCache corgi:https://registry.npmjs.org/flatted cache-miss
37 silly packumentCache corgi:https://registry.npmjs.org/follow-redirects cache-miss
38 silly packumentCache corgi:https://registry.npmjs.org/glob cache-miss
39 silly packumentCache corgi:https://registry.npmjs.org/lodash cache-miss
40 silly packumentCache corgi:https://registry.npmjs.org/node-forge cache-miss
41 silly packumentCache corgi:https://registry.npmjs.org/tar cache-miss
42 silly packumentCache corgi:https://registry.npmjs.org/path-to-regexp cache-miss
43 silly packumentCache corgi:https://registry.npmjs.org/qs cache-miss
44 silly packumentCache corgi:https://registry.npmjs.org/sha.js cache-miss
45 silly packumentCache corgi:https://registry.npmjs.org/tmp cache-miss
46 silly packumentCache corgi:https://registry.npmjs.org/typeorm cache-miss
47 silly packumentCache corgi:https://registry.npmjs.org/undici cache-miss
48 silly packumentCache corgi:https://registry.npmjs.org/yaml cache-miss
49 http fetch GET 200 https://registry.npmjs.org/husky/-/husky-9.1.7.tgz 811ms (cache miss)
50 info run cpu-features@0.0.10 install node_modules/cpu-features node buildcheck.js > buildcheck.gypi && node-gyp rebuild
51 http fetch GET 200 https://registry.npmjs.org/brace-expansion 235ms (cache revalidated)
52 silly packumentCache corgi:https://registry.npmjs.org/brace-expansion set size:22573 disposed:false
53 http fetch GET 200 https://registry.npmjs.org/ajv 233ms (cache revalidated)
54 silly packumentCache corgi:https://registry.npmjs.org/ajv set size:464537 disposed:false
55 http fetch GET 200 https://registry.npmjs.org/sha.js 455ms (cache revalidated)
56 silly packumentCache corgi:https://registry.npmjs.org/sha.js set size:24451 disposed:false
57 http fetch GET 200 https://registry.npmjs.org/glob 462ms (cache revalidated)
58 silly packumentCache corgi:https://registry.npmjs.org/glob set size:199194 disposed:false
59 http fetch GET 200 https://registry.npmjs.org/tmp 546ms (cache revalidated)
60 silly packumentCache corgi:https://registry.npmjs.org/tmp set size:23979 disposed:false
61 http fetch GET 200 https://registry.npmjs.org/yaml 572ms (cache revalidated)
62 silly packumentCache corgi:https://registry.npmjs.org/yaml set size:160603 disposed:false
63 http fetch GET 200 https://registry.npmjs.org/axios 660ms (cache revalidated)
64 silly packumentCache corgi:https://registry.npmjs.org/axios set size:279295 disposed:false
65 http fetch GET 200 https://registry.npmjs.org/minimatch 675ms (cache revalidated)
66 silly packumentCache corgi:https://registry.npmjs.org/minimatch set size:168441 disposed:false
67 http fetch GET 200 https://registry.npmjs.org/picomatch 726ms (cache revalidated)
68 silly packumentCache corgi:https://registry.npmjs.org/picomatch set size:44414 disposed:false
69 http fetch GET 200 https://registry.npmjs.org/undici 714ms (cache revalidated)
70 silly packumentCache corgi:https://registry.npmjs.org/undici set size:431984 disposed:false
71 http fetch GET 200 https://registry.npmjs.org/js-yaml 759ms (cache revalidated)
72 silly packumentCache corgi:https://registry.npmjs.org/js-yaml set size:58533 disposed:false
73 http fetch GET 200 https://registry.npmjs.org/flatted 789ms (cache revalidated)
74 silly packumentCache corgi:https://registry.npmjs.org/flatted set size:57858 disposed:false
75 http fetch GET 200 https://registry.npmjs.org/follow-redirects 876ms (cache revalidated)
76 silly packumentCache corgi:https://registry.npmjs.org/follow-redirects set size:88479 disposed:false
77 http fetch GET 200 https://registry.npmjs.org/tar 876ms (cache revalidated)
78 silly packumentCache corgi:https://registry.npmjs.org/tar set size:199254 disposed:false
79 http fetch GET 200 https://registry.npmjs.org/tar-fs 996ms (cache revalidated)
80 silly packumentCache corgi:https://registry.npmjs.org/tar-fs set size:55148 disposed:false
81 http fetch GET 200 https://registry.npmjs.org/diff 1060ms (cache revalidated)
82 silly packumentCache corgi:https://registry.npmjs.org/diff set size:67741 disposed:false
83 http fetch GET 200 https://registry.npmjs.org/lodash 1135ms (cache updated)
84 silly packumentCache corgi:https://registry.npmjs.org/lodash set size:undefined disposed:false
85 http fetch GET 200 https://registry.npmjs.org/node-forge 1219ms (cache revalidated)
86 silly packumentCache corgi:https://registry.npmjs.org/node-forge set size:106633 disposed:false
87 http fetch GET 200 https://registry.npmjs.org/qs 1262ms (cache revalidated)
88 silly packumentCache corgi:https://registry.npmjs.org/qs set size:145190 disposed:false
89 info run cpu-features@0.0.10 install { code: 1, signal: null }
90 verbose reify failed optional dependency D:\AUTOMATISATION_DES_TESTS\express-archi-test-qualite\node_modules\cpu-features
91 silly reify mark deleted [
91 silly reify   'D:\\AUTOMATISATION_DES_TESTS\\express-archi-test-qualite\\node_modules\\cpu-features'
91 silly reify ]
92 verbose reify failed optional dependency D:\AUTOMATISATION_DES_TESTS\express-archi-test-qualite\node_modules\buildcheck
93 silly reify mark deleted [
93 silly reify   'D:\\AUTOMATISATION_DES_TESTS\\express-archi-test-qualite\\node_modules\\buildcheck'
93 silly reify ]
94 http fetch GET 200 https://registry.npmjs.org/path-to-regexp 2624ms (cache revalidated)
95 silly packumentCache corgi:https://registry.npmjs.org/path-to-regexp set size:66575 disposed:false
96 http fetch GET 200 https://registry.npmjs.org/typeorm 2657ms (cache updated)
97 silly packumentCache corgi:https://registry.npmjs.org/typeorm set size:undefined disposed:false
98 silly packumentCache corgi:https://registry.npmjs.org/@eslint%2fconfig-array cache-miss
99 silly packumentCache corgi:https://registry.npmjs.org/@eslint%2feslintrc cache-miss
100 silly packumentCache corgi:https://registry.npmjs.org/eslint-plugin-react cache-miss
101 silly packumentCache corgi:https://registry.npmjs.org/eslint cache-miss
102 silly packumentCache corgi:https://registry.npmjs.org/jake cache-miss
103 silly packumentCache corgi:https://registry.npmjs.org/test-exclude cache-miss
104 http fetch GET 200 https://registry.npmjs.org/eslint-plugin-react 121ms (cache revalidated)
105 silly packumentCache corgi:https://registry.npmjs.org/eslint-plugin-react set size:309843 disposed:false
106 http fetch GET 200 https://registry.npmjs.org/jake 162ms (cache revalidated)
107 silly packumentCache corgi:https://registry.npmjs.org/jake set size:133806 disposed:false
108 http fetch GET 200 https://registry.npmjs.org/@eslint%2fconfig-array 210ms (cache revalidated)
109 silly packumentCache corgi:https://registry.npmjs.org/@eslint%2fconfig-array set size:19036 disposed:false
110 http fetch GET 200 https://registry.npmjs.org/@eslint%2feslintrc 218ms (cache revalidated)
111 silly packumentCache corgi:https://registry.npmjs.org/@eslint%2feslintrc set size:83205 disposed:false
112 http fetch GET 200 https://registry.npmjs.org/test-exclude 215ms (cache revalidated)
113 silly packumentCache corgi:https://registry.npmjs.org/test-exclude set size:42527 disposed:false
114 http fetch GET 200 https://registry.npmjs.org/eslint 220ms (cache revalidated)
115 silly packumentCache corgi:https://registry.npmjs.org/eslint set size:1148157 disposed:false
116 silly packumentCache corgi:https://registry.npmjs.org/filelist cache-miss
117 silly packumentCache corgi:https://registry.npmjs.org/readdir-glob cache-miss
118 http fetch GET 200 https://registry.npmjs.org/filelist 146ms (cache revalidated)
119 silly packumentCache corgi:https://registry.npmjs.org/filelist set size:11409 disposed:false
120 http fetch GET 200 https://registry.npmjs.org/readdir-glob 159ms (cache revalidated)
121 silly packumentCache corgi:https://registry.npmjs.org/readdir-glob set size:12111 disposed:false
122 silly packumentCache corgi:https://registry.npmjs.org/@typescript-eslint%2ftypescript-estree cache-miss
123 silly packumentCache corgi:https://registry.npmjs.org/npm cache-miss
124 silly packumentCache corgi:https://registry.npmjs.org/@npmcli%2farborist cache-miss
125 silly packumentCache corgi:https://registry.npmjs.org/@npmcli%2fmap-workspaces cache-miss
126 silly packumentCache corgi:https://registry.npmjs.org/@tufjs%2fmodels cache-miss
127 silly packumentCache corgi:https://registry.npmjs.org/ignore-walk cache-miss
128 silly packumentCache corgi:https://registry.npmjs.org/libnpmdiff cache-miss
129 http fetch GET 200 https://registry.npmjs.org/@npmcli%2farborist 173ms (cache revalidated)
130 silly packumentCache corgi:https://registry.npmjs.org/@npmcli%2farborist set size:504309 disposed:false
131 http fetch GET 200 https://registry.npmjs.org/npm 194ms (cache revalidated)
132 silly packumentCache corgi:https://registry.npmjs.org/npm set size:2381650 disposed:false
133 http fetch GET 200 https://registry.npmjs.org/@typescript-eslint%2ftypescript-estree 274ms (cache revalidated)
134 silly packumentCache corgi:https://registry.npmjs.org/@typescript-eslint%2ftypescript-estree set size:8589215 disposed:false
135 http fetch GET 200 https://registry.npmjs.org/@npmcli%2fmap-workspaces 456ms (cache revalidated)
136 silly packumentCache corgi:https://registry.npmjs.org/@npmcli%2fmap-workspaces set size:36677 disposed:false
137 http fetch GET 200 https://registry.npmjs.org/@tufjs%2fmodels 456ms (cache revalidated)
138 silly packumentCache corgi:https://registry.npmjs.org/@tufjs%2fmodels set size:16658 disposed:false
139 http fetch GET 200 https://registry.npmjs.org/ignore-walk 458ms (cache revalidated)
140 silly packumentCache corgi:https://registry.npmjs.org/ignore-walk set size:29370 disposed:false
141 http fetch GET 200 https://registry.npmjs.org/libnpmdiff 458ms (cache revalidated)
142 silly packumentCache corgi:https://registry.npmjs.org/libnpmdiff set size:109843 disposed:false
143 silly packumentCache corgi:https://registry.npmjs.org/@istanbuljs%2fload-nyc-config cache-miss
144 http fetch GET 200 https://registry.npmjs.org/@istanbuljs%2fload-nyc-config 162ms (cache revalidated)
145 silly packumentCache corgi:https://registry.npmjs.org/@istanbuljs%2fload-nyc-config set size:8602 disposed:false
146 silly packumentCache corgi:https://registry.npmjs.org/anymatch cache-miss
147 silly packumentCache corgi:https://registry.npmjs.org/jest-util cache-miss
148 silly packumentCache corgi:https://registry.npmjs.org/micromatch cache-miss
149 silly packumentCache corgi:https://registry.npmjs.org/readdirp cache-miss
150 http fetch GET 200 https://registry.npmjs.org/jest-util 137ms (cache revalidated)
151 silly packumentCache corgi:https://registry.npmjs.org/jest-util set size:314171 disposed:false
152 http fetch GET 200 https://registry.npmjs.org/anymatch 148ms (cache revalidated)
153 silly packumentCache corgi:https://registry.npmjs.org/anymatch set size:18345 disposed:false
154 http fetch GET 200 https://registry.npmjs.org/readdirp 147ms (cache revalidated)
155 silly packumentCache corgi:https://registry.npmjs.org/readdirp set size:47123 disposed:false
156 http fetch GET 200 https://registry.npmjs.org/micromatch 165ms (cache revalidated)
157 silly packumentCache corgi:https://registry.npmjs.org/micromatch set size:71776 disposed:false
158 silly packumentCache corgi:https://registry.npmjs.org/tinyglobby cache-miss
159 silly packumentCache corgi:https://registry.npmjs.org/fdir cache-miss
160 http fetch GET 200 https://registry.npmjs.org/tinyglobby 145ms (cache revalidated)
161 silly packumentCache corgi:https://registry.npmjs.org/tinyglobby set size:18884 disposed:false
162 http fetch GET 200 https://registry.npmjs.org/fdir 146ms (cache revalidated)
163 silly packumentCache corgi:https://registry.npmjs.org/fdir set size:76905 disposed:false
164 silly packumentCache corgi:https://registry.npmjs.org/sonarqube-scanner cache-miss
165 http fetch GET 200 https://registry.npmjs.org/sonarqube-scanner 181ms (cache updated)
166 silly packumentCache corgi:https://registry.npmjs.org/sonarqube-scanner set size:undefined disposed:false
167 silly packumentCache corgi:https://registry.npmjs.org/ts-node cache-miss
168 http fetch GET 200 https://registry.npmjs.org/ts-node 203ms (cache revalidated)
169 silly packumentCache corgi:https://registry.npmjs.org/ts-node set size:206364 disposed:false
170 silly packumentCache corgi:https://registry.npmjs.org/dockerode cache-miss
171 http fetch GET 200 https://registry.npmjs.org/dockerode 357ms (cache revalidated)
172 silly packumentCache corgi:https://registry.npmjs.org/dockerode set size:79987 disposed:false
173 silly packumentCache corgi:https://registry.npmjs.org/testcontainers cache-miss
174 http fetch GET 200 https://registry.npmjs.org/testcontainers 194ms (cache revalidated)
175 silly packumentCache corgi:https://registry.npmjs.org/testcontainers set size:569909 disposed:false
176 silly packumentCache corgi:https://registry.npmjs.org/flat-cache cache-miss
177 http fetch GET 200 https://registry.npmjs.org/flat-cache 134ms (cache revalidated)
178 silly packumentCache corgi:https://registry.npmjs.org/flat-cache set size:50282 disposed:false
179 silly packumentCache corgi:https://registry.npmjs.org/@jest%2freporters cache-miss
180 silly packumentCache corgi:https://registry.npmjs.org/archiver-utils cache-miss
181 silly packumentCache corgi:https://registry.npmjs.org/jest-config cache-miss
182 silly packumentCache corgi:https://registry.npmjs.org/jest-runtime cache-miss
183 silly packumentCache corgi:https://registry.npmjs.org/@npmcli%2fpackage-json cache-miss
184 silly packumentCache corgi:https://registry.npmjs.org/cacache cache-miss
185 http fetch GET 200 https://registry.npmjs.org/@jest%2freporters 191ms (cache revalidated)
186 silly packumentCache corgi:https://registry.npmjs.org/@jest%2freporters set size:374269 disposed:false
187 http fetch GET 200 https://registry.npmjs.org/archiver-utils 239ms (cache revalidated)
188 silly packumentCache corgi:https://registry.npmjs.org/archiver-utils set size:14649 disposed:false
189 http fetch GET 200 https://registry.npmjs.org/@npmcli%2fpackage-json 238ms (cache revalidated)
190 silly packumentCache corgi:https://registry.npmjs.org/@npmcli%2fpackage-json set size:31609 disposed:false
191 http fetch GET 200 https://registry.npmjs.org/cacache 238ms (cache revalidated)
192 silly packumentCache corgi:https://registry.npmjs.org/cacache set size:156707 disposed:false
193 http fetch GET 200 https://registry.npmjs.org/jest-runtime 244ms (cache revalidated)
194 silly packumentCache corgi:https://registry.npmjs.org/jest-runtime set size:566504 disposed:false
195 http fetch GET 200 https://registry.npmjs.org/jest-config 250ms (cache revalidated)
196 silly packumentCache corgi:https://registry.npmjs.org/jest-config set size:525292 disposed:false
197 silly packumentCache corgi:https://registry.npmjs.org/node-gyp cache-miss
198 silly packumentCache corgi:https://registry.npmjs.org/pacote cache-miss
199 http fetch GET 200 https://registry.npmjs.org/node-gyp 223ms (cache revalidated)
200 silly packumentCache corgi:https://registry.npmjs.org/node-gyp set size:157353 disposed:false
201 http fetch GET 200 https://registry.npmjs.org/pacote 226ms (cache revalidated)
202 silly packumentCache corgi:https://registry.npmjs.org/pacote set size:400151 disposed:false
203 silly packumentCache corgi:https://registry.npmjs.org/express cache-miss
204 http fetch GET 200 https://registry.npmjs.org/express 119ms (cache revalidated)
205 silly packumentCache corgi:https://registry.npmjs.org/express set size:337735 disposed:false
206 silly packumentCache corgi:https://registry.npmjs.org/body-parser cache-miss
207 silly packumentCache corgi:https://registry.npmjs.org/superagent cache-miss
208 http fetch GET 200 https://registry.npmjs.org/body-parser 143ms (cache revalidated)
209 silly packumentCache corgi:https://registry.npmjs.org/body-parser set size:77795 disposed:false
210 http fetch GET 200 https://registry.npmjs.org/superagent 153ms (cache revalidated)
211 silly packumentCache corgi:https://registry.npmjs.org/superagent set size:278106 disposed:false
212 silly packumentCache corgi:https://registry.npmjs.org/docker-compose cache-miss
213 http fetch GET 200 https://registry.npmjs.org/docker-compose 133ms (cache revalidated)
214 silly packumentCache corgi:https://registry.npmjs.org/docker-compose set size:149893 disposed:false
215 silly packumentCache corgi:https://registry.npmjs.org/@npmcli%2fmetavuln-calculator cache-miss
216 silly packumentCache corgi:https://registry.npmjs.org/libnpmexec cache-miss
217 silly packumentCache corgi:https://registry.npmjs.org/libnpmpack cache-miss
218 http fetch GET 200 https://registry.npmjs.org/libnpmexec 173ms (cache revalidated)
219 silly packumentCache corgi:https://registry.npmjs.org/libnpmexec set size:153390 disposed:false
220 http fetch GET 200 https://registry.npmjs.org/libnpmpack 212ms (cache revalidated)
221 silly packumentCache corgi:https://registry.npmjs.org/libnpmpack set size:103128 disposed:false
222 http fetch GET 200 https://registry.npmjs.org/@npmcli%2fmetavuln-calculator 242ms (cache revalidated)
223 silly packumentCache corgi:https://registry.npmjs.org/@npmcli%2fmetavuln-calculator set size:36140 disposed:false
224 silly ADD node_modules/husky
225 silly ADD
226 silly ADD
227 verbose cwd D:\AUTOMATISATION_DES_TESTS\express-archi-test-qualite
228 verbose os Windows_NT 10.0.26200
229 verbose node v20.19.5
230 verbose npm  v11.6.4
231 verbose exit 0
232 info ok
